[DEBUG] PID: Lang
[DEBUG] VID: 37
[DEBUG] DATA_DIR: /Users/jithinjohn/Downloads/CSC591/fault-localization-data/gzoltar/gzoltars/Lang/37
[DEBUG] TOOL: developer
[DEBUG] TESTS_DIR: 
[DEBUG] TMP_DIR: /tmp/jithinjohn/gzoltar_81807_Lang-37
[DEBUG] DIR_PROJECT: /Users/jithinjohn/Downloads/CSC591/fault-localization-data/defects4j/framework/projects/Lang
[DEBUG] DIR_LOADED_CLASSES: /Users/jithinjohn/Downloads/CSC591/fault-localization-data/defects4j/framework/projects/Lang/loaded_classes
[DEBUG] DIR_RELEVANT_TESTS: /Users/jithinjohn/Downloads/CSC591/fault-localization-data/defects4j/framework/projects/Lang/relevant_tests
[DEBUG] DIR_TRIGGER_TESTS: /Users/jithinjohn/Downloads/CSC591/fault-localization-data/defects4j/framework/projects/Lang/trigger_tests
[DEBUG] JAVA_VERSION:
Picked up _JAVA_OPTIONS: -XX:MaxHeapSize=1024m -Xmx4096m
java version "1.6.0_65"
Java(TM) SE Runtime Environment (build 1.6.0_65-b14-468)
Java HotSpot(TM) 64-Bit Server VM (build 20.65-b04-468, mixed mode)
[INFO] Checking out Lang-37 to /tmp/jithinjohn/gzoltar_81807_Lang-37
Check out ea140fb5 to /private/tmp/jithinjohn/gzoltar_81807_Lang-37........ OK
Init local repository...................................................... OK
Tag post-fix revision...................................................... OK
Run post-checkout hook..................................................... OK
Initialize fixed program version........................................... OK
Apply patch................................................................ OK
Initialize buggy program version........................................... OK
Diff ea140fb5:b5906d3f..................................................... OK
Apply patch................................................................ OK
Tag pre-fix revision....................................................... OK
Check out program version: Lang-37b........................................ OK
[DEBUG] LOADED_CLASSES: org.apache.commons.lang3.ArrayUtils:
[DEBUG] LOADED_SUB_CLASSES: org.apache.commons.lang3.ArrayUtils$*:
[DEBUG] RELEVANT_TESTS: org.apache.commons.lang3.ArrayUtilsAddTest:org.apache.commons.lang3.ArrayUtilsRemoveTest:org.apache.commons.lang3.ArrayUtilsTest:org.apache.commons.lang3.BooleanUtilsTest:org.apache.commons.lang3.CharEncodingTest:org.apache.commons.lang3.CharSetTest:org.apache.commons.lang3.CharSetUtilsTest:org.apache.commons.lang3.ClassUtilsTest:org.apache.commons.lang3.StringEscapeUtilsTest:org.apache.commons.lang3.StringUtilsEqualsIndexOfTest:org.apache.commons.lang3.StringUtilsSubstringTest:org.apache.commons.lang3.StringUtilsTest:org.apache.commons.lang3.ValidateTest:org.apache.commons.lang3.builder.ReflectionToStringBuilderExcludeTest:org.apache.commons.lang3.exception.ExceptionUtilsTest:org.apache.commons.lang3.reflect.ConstructorUtilsTest:org.apache.commons.lang3.reflect.FieldUtilsTest:org.apache.commons.lang3.reflect.MethodUtilsTest:org.apache.commons.lang3.text.StrBuilderTest:org.apache.commons.lang3.text.StrTokenizerTest:
[DEBUG] TRIGGER_TESTS_FILE: /Users/jithinjohn/Downloads/CSC591/fault-localization-data/defects4j/framework/projects/Lang/trigger_tests/37
[DEBUG] CP: /Users/jithinjohn/Downloads/CSC591/fault-localization-data/defects4j/framework/projects/lib/junit-4.11.jar:/Users/jithinjohn/Downloads/CSC591/fault-localization-data/defects4j/framework/projects/Lang/lib/junit/junit/4.7/junit-4.7.jar:/private/tmp/jithinjohn/gzoltar_81807_Lang-37/target/classes:/private/tmp/jithinjohn/gzoltar_81807_Lang-37/target/test-classes:/Users/jithinjohn/Downloads/CSC591/fault-localization-data/defects4j/framework/projects/Lang/lib/cglib.jar:/Users/jithinjohn/Downloads/CSC591/fault-localization-data/defects4j/framework/projects/Lang/lib/asm.jar:/Users/jithinjohn/Downloads/CSC591/fault-localization-data/defects4j/framework/projects/Lang/lib/easymock.jar:/Users/jithinjohn/Downloads/CSC591/fault-localization-data/defects4j/framework/projects/Lang/lib/commons-io.jar
[INFO] Compiling Lang-37
Running ant (compile)...................................................... OK
Running ant (compile.tests)................................................ OK
[INFO] Running GZoltar
[INFO] Start: Wed Oct 31 17:59:20 PDT 2018
   ____ _____     _ _               
  / ___|__  /___ | | |_ __ _ _ __   
 | |  _  / // _ \| | __/ _` | '__| 
 | |_| |/ /| (_) | | || (_| | |     
  \____/____\___/|_|\__\__,_|_| 

[ERROR] /Users/jithinjohn/Downloads/CSC591/fault-localization-data/defects4j/framework/projects/Lang/lib/junit/junit/4.7/junit-4.7.jar does not exist
java.lang.Exception
	at com.gzoltar.lib.master.modes.Diagnose.execute(Unknown Source)
	at com.gzoltar.lib.master.GZoltar.parseCommandLine(Unknown Source)
	at com.gzoltar.lib.master.GZoltar.main(Unknown Source)
* Preparing classpath
Java HotSpot(TM) 64-Bit Server VM warning: ignoring option MaxPermSize=1024M; support was removed in 8.0
* Collecting classes under test
* Collecting test cases
* Performing analysis
* Started org.apache.commons.lang3.ArrayUtilsAddTest#testJira567
* Failure: null | testJira567(org.apache.commons.lang3.ArrayUtilsAddTest)
java.lang.ArrayStoreException
	at java.lang.System.arraycopy(Native Method)
	at org.apache.commons.lang3.ArrayUtils.addAll(ArrayUtils.java:2962)
	at org.apache.commons.lang3.ArrayUtilsAddTest.testJira567(ArrayUtilsAddTest.java:40)
	at sun.reflect.NativeMethodAccessorImpl.invoke0(Native Method)
	at sun.reflect.NativeMethodAccessorImpl.invoke(NativeMethodAccessorImpl.java:62)
	at sun.reflect.DelegatingMethodAccessorImpl.invoke(DelegatingMethodAccessorImpl.java:43)
	at java.lang.reflect.Method.invoke(Method.java:498)
	at junit.framework.TestCase.runTest(TestCase.java:176)
	at junit.framework.TestCase.runBare(TestCase.java:141)
	at junit.framework.TestResult$1.protect(TestResult.java:122)
	at junit.framework.TestResult.runProtected(TestResult.java:142)
	at junit.framework.TestResult.run(TestResult.java:125)
	at junit.framework.TestCase.run(TestCase.java:129)
	at junit.framework.TestSuite.runTest(TestSuite.java:255)
	at junit.framework.TestSuite.run(TestSuite.java:250)
	at org.junit.internal.runners.JUnit38ClassRunner.run(JUnit38ClassRunner.java:84)
	at com.gzoltar.lib.instrumentation.testing.junit.a.call(Unknown Source)
	at java.util.concurrent.FutureTask.run(FutureTask.java:266)
	at java.util.concurrent.ThreadPoolExecutor.runWorker(ThreadPoolExecutor.java:1149)
	at java.util.concurrent.ThreadPoolExecutor$Worker.run(ThreadPoolExecutor.java:624)
	at java.lang.Thread.run(Thread.java:748)

* Finished org.apache.commons.lang3.ArrayUtilsAddTest#testJira567
* Started org.apache.commons.lang3.ArrayUtilsAddTest#testAddObjectArrayInt
* Finished org.apache.commons.lang3.ArrayUtilsAddTest#testAddObjectArrayInt
* Started org.apache.commons.lang3.ArrayUtilsAddTest#testAddObjectArrayToObjectArray
* Finished org.apache.commons.lang3.ArrayUtilsAddTest#testAddObjectArrayToObjectArray
* Started org.apache.commons.lang3.ArrayUtilsAddTest#testAddObjectAtIndex
* Finished org.apache.commons.lang3.ArrayUtilsAddTest#testAddObjectAtIndex
* Started org.apache.commons.lang3.ArrayUtilsAddTest#testAddObjectArrayFloat
* Finished org.apache.commons.lang3.ArrayUtilsAddTest#testAddObjectArrayFloat
* Started org.apache.commons.lang3.ArrayUtilsAddTest#testAddObjectArrayShort
* Finished org.apache.commons.lang3.ArrayUtilsAddTest#testAddObjectArrayShort
* Started org.apache.commons.lang3.ArrayUtilsAddTest#testAddObjectArrayByte
* Finished org.apache.commons.lang3.ArrayUtilsAddTest#testAddObjectArrayByte
* Started org.apache.commons.lang3.ArrayUtilsAddTest#testAddObjectArrayChar
* Finished org.apache.commons.lang3.ArrayUtilsAddTest#testAddObjectArrayChar
* Started org.apache.commons.lang3.ArrayUtilsAddTest#testAddObjectArrayLong
* Finished org.apache.commons.lang3.ArrayUtilsAddTest#testAddObjectArrayLong
* Started org.apache.commons.lang3.ArrayUtilsAddTest#testAddObjectArrayBoolean
* Finished org.apache.commons.lang3.ArrayUtilsAddTest#testAddObjectArrayBoolean
* Started org.apache.commons.lang3.ArrayUtilsAddTest#testAddObjectArrayDouble
* Finished org.apache.commons.lang3.ArrayUtilsAddTest#testAddObjectArrayDouble
* Started org.apache.commons.lang3.ArrayUtilsAddTest#testAddObjectArrayObject
* Finished org.apache.commons.lang3.ArrayUtilsAddTest#testAddObjectArrayObject
* Started org.apache.commons.lang3.ValidateTest#testNotBlankNotBlankStringWithNewlinesShouldNotThrow
* Finished org.apache.commons.lang3.ValidateTest#testNotBlankNotBlankStringWithNewlinesShouldNotThrow
* Started org.apache.commons.lang3.ValidateTest#testNotNull1
* Finished org.apache.commons.lang3.ValidateTest#testNotNull1
* Started org.apache.commons.lang3.ValidateTest#testNotNull2
* Finished org.apache.commons.lang3.ValidateTest#testNotNull2
* Started org.apache.commons.lang3.ValidateTest#testNotBlankNullStringShouldThrow
* Finished org.apache.commons.lang3.ValidateTest#testNotBlankNullStringShouldThrow
* Started org.apache.commons.lang3.ValidateTest#testNotBlankMsgEmptyStringShouldThrow
* Finished org.apache.commons.lang3.ValidateTest#testNotBlankMsgEmptyStringShouldThrow
* Started org.apache.commons.lang3.ValidateTest#testValidIndex_array
* Finished org.apache.commons.lang3.ValidateTest#testValidIndex_array
* Started org.apache.commons.lang3.ValidateTest#testNotBlankMsgBlankStringShouldThrow
* Finished org.apache.commons.lang3.ValidateTest#testNotBlankMsgBlankStringShouldThrow
* Started org.apache.commons.lang3.ValidateTest#testValidIndex_charSequence
* Finished org.apache.commons.lang3.ValidateTest#testValidIndex_charSequence
* Started org.apache.commons.lang3.ValidateTest#testValidIndex_withMessage_collection
* Finished org.apache.commons.lang3.ValidateTest#testValidIndex_withMessage_collection
* Started org.apache.commons.lang3.ValidateTest#testNotBlankReturnValues1
* Finished org.apache.commons.lang3.ValidateTest#testNotBlankReturnValues1
* Started org.apache.commons.lang3.ValidateTest#testNotBlankReturnValues2
* Finished org.apache.commons.lang3.ValidateTest#testNotBlankReturnValues2
* Started org.apache.commons.lang3.ValidateTest#testNotEmptyMap1
* Finished org.apache.commons.lang3.ValidateTest#testNotEmptyMap1
* Started org.apache.commons.lang3.ValidateTest#testNotEmptyMap2
* Finished org.apache.commons.lang3.ValidateTest#testNotEmptyMap2
* Started org.apache.commons.lang3.ValidateTest#testValidIndex_withMessage_charSequence
* Finished org.apache.commons.lang3.ValidateTest#testValidIndex_withMessage_charSequence
* Started org.apache.commons.lang3.ValidateTest#testNotBlankBlankStringWithNewlinesShouldThrow
* Finished org.apache.commons.lang3.ValidateTest#testNotBlankBlankStringWithNewlinesShouldThrow
* Started org.apache.commons.lang3.ValidateTest#testNotBlankMsgNotBlankStringWithWhitespacesShouldNotThrow
* Finished org.apache.commons.lang3.ValidateTest#testNotBlankMsgNotBlankStringWithWhitespacesShouldNotThrow
* Started org.apache.commons.lang3.ValidateTest#testNotBlankNotBlankStringShouldNotThrow
* Finished org.apache.commons.lang3.ValidateTest#testNotBlankNotBlankStringShouldNotThrow
* Started org.apache.commons.lang3.ValidateTest#testNotBlankMsgNotBlankStringShouldNotThrow
* Finished org.apache.commons.lang3.ValidateTest#testNotBlankMsgNotBlankStringShouldNotThrow
* Started org.apache.commons.lang3.ValidateTest#testValidIndex_withMessage_array
* Finished org.apache.commons.lang3.ValidateTest#testValidIndex_withMessage_array
* Started org.apache.commons.lang3.ValidateTest#testNoNullElementsCollection1
* Finished org.apache.commons.lang3.ValidateTest#testNoNullElementsCollection1
* Started org.apache.commons.lang3.ValidateTest#testNoNullElementsCollection2
* Finished org.apache.commons.lang3.ValidateTest#testNoNullElementsCollection2
* Started org.apache.commons.lang3.ValidateTest#testNotBlankEmptyStringShouldThrow
* Finished org.apache.commons.lang3.ValidateTest#testNotBlankEmptyStringShouldThrow
* Started org.apache.commons.lang3.ValidateTest#testNotBlankMsgNullStringShouldThrow
* Finished org.apache.commons.lang3.ValidateTest#testNotBlankMsgNullStringShouldThrow
* Started org.apache.commons.lang3.ValidateTest#testNotBlankMsgNotBlankStringWithNewlinesShouldNotThrow
* Finished org.apache.commons.lang3.ValidateTest#testNotBlankMsgNotBlankStringWithNewlinesShouldNotThrow
* Started org.apache.commons.lang3.ValidateTest#testNotEmptyString1
* Finished org.apache.commons.lang3.ValidateTest#testNotEmptyString1
* Started org.apache.commons.lang3.ValidateTest#testNotEmptyString2
* Finished org.apache.commons.lang3.ValidateTest#testNotEmptyString2
* Started org.apache.commons.lang3.ValidateTest#testNotEmptyCollection1
* Finished org.apache.commons.lang3.ValidateTest#testNotEmptyCollection1
* Started org.apache.commons.lang3.ValidateTest#testNotEmptyCollection2
* Finished org.apache.commons.lang3.ValidateTest#testNotEmptyCollection2
* Started org.apache.commons.lang3.ValidateTest#testNotBlankMsgBlankStringWithWhitespacesShouldThrow
* Finished org.apache.commons.lang3.ValidateTest#testNotBlankMsgBlankStringWithWhitespacesShouldThrow
* Started org.apache.commons.lang3.ValidateTest#testNotEmptyArray1
* Finished org.apache.commons.lang3.ValidateTest#testNotEmptyArray1
* Started org.apache.commons.lang3.ValidateTest#testNotEmptyArray2
* Finished org.apache.commons.lang3.ValidateTest#testNotEmptyArray2
* Started org.apache.commons.lang3.ValidateTest#testValidIndex_collection
* Finished org.apache.commons.lang3.ValidateTest#testValidIndex_collection
* Started org.apache.commons.lang3.ValidateTest#testNotBlankNotBlankStringWithWhitespacesShouldNotThrow
* Finished org.apache.commons.lang3.ValidateTest#testNotBlankNotBlankStringWithWhitespacesShouldNotThrow
* Started org.apache.commons.lang3.ValidateTest#testIsTrue1
* Finished org.apache.commons.lang3.ValidateTest#testIsTrue1
* Started org.apache.commons.lang3.ValidateTest#testIsTrue2
* Finished org.apache.commons.lang3.ValidateTest#testIsTrue2
* Started org.apache.commons.lang3.ValidateTest#testIsTrue3
* Finished org.apache.commons.lang3.ValidateTest#testIsTrue3
* Started org.apache.commons.lang3.ValidateTest#testIsTrue4
* Finished org.apache.commons.lang3.ValidateTest#testIsTrue4
* Started org.apache.commons.lang3.ValidateTest#testIsTrue5
* Finished org.apache.commons.lang3.ValidateTest#testIsTrue5
* Started org.apache.commons.lang3.ValidateTest#testNotBlankBlankStringWithWhitespacesShouldThrow
* Finished org.apache.commons.lang3.ValidateTest#testNotBlankBlankStringWithWhitespacesShouldThrow
* Started org.apache.commons.lang3.ValidateTest#testConstructor
* Finished org.apache.commons.lang3.ValidateTest#testConstructor
* Started org.apache.commons.lang3.ValidateTest#testNoNullElementsArray1
* Finished org.apache.commons.lang3.ValidateTest#testNoNullElementsArray1
* Started org.apache.commons.lang3.ValidateTest#testNoNullElementsArray2
* Finished org.apache.commons.lang3.ValidateTest#testNoNullElementsArray2
* Started org.apache.commons.lang3.StringUtilsEqualsIndexOfTest#testLastIndexOfIgnoreCase_StringInt
* Finished org.apache.commons.lang3.StringUtilsEqualsIndexOfTest#testLastIndexOfIgnoreCase_StringInt
* Started org.apache.commons.lang3.StringUtilsEqualsIndexOfTest#testContainsString
* Finished org.apache.commons.lang3.StringUtilsEqualsIndexOfTest#testContainsString
* Started org.apache.commons.lang3.StringUtilsEqualsIndexOfTest#testContainsOnly_String
* Finished org.apache.commons.lang3.StringUtilsEqualsIndexOfTest#testContainsOnly_String
* Started org.apache.commons.lang3.StringUtilsEqualsIndexOfTest#testLastIndexOf_String
* Finished org.apache.commons.lang3.StringUtilsEqualsIndexOfTest#testLastIndexOf_String
* Started org.apache.commons.lang3.StringUtilsEqualsIndexOfTest#testOrdinalIndexOf
* Finished org.apache.commons.lang3.StringUtilsEqualsIndexOfTest#testOrdinalIndexOf
* Started org.apache.commons.lang3.StringUtilsEqualsIndexOfTest#testContainsChar
* Finished org.apache.commons.lang3.StringUtilsEqualsIndexOfTest#testContainsChar
* Started org.apache.commons.lang3.StringUtilsEqualsIndexOfTest#testEqualsIgnoreCase
* Finished org.apache.commons.lang3.StringUtilsEqualsIndexOfTest#testEqualsIgnoreCase
* Started org.apache.commons.lang3.StringUtilsEqualsIndexOfTest#testIndexOfIgnoreCase_StringInt
* Finished org.apache.commons.lang3.StringUtilsEqualsIndexOfTest#testIndexOfIgnoreCase_StringInt
* Started org.apache.commons.lang3.StringUtilsEqualsIndexOfTest#testContainsNone_Chararray
* Finished org.apache.commons.lang3.StringUtilsEqualsIndexOfTest#testContainsNone_Chararray
* Started org.apache.commons.lang3.StringUtilsEqualsIndexOfTest#testLastOrdinalIndexOf
* Finished org.apache.commons.lang3.StringUtilsEqualsIndexOfTest#testLastOrdinalIndexOf
* Started org.apache.commons.lang3.StringUtilsEqualsIndexOfTest#testIndexOfAny_StringString
* Finished org.apache.commons.lang3.StringUtilsEqualsIndexOfTest#testIndexOfAny_StringString
* Started org.apache.commons.lang3.StringUtilsEqualsIndexOfTest#testIndexOfIgnoreCase_String
* Finished org.apache.commons.lang3.StringUtilsEqualsIndexOfTest#testIndexOfIgnoreCase_String
* Started org.apache.commons.lang3.StringUtilsEqualsIndexOfTest#testContainsIgnoreCase_StringString
* Finished org.apache.commons.lang3.StringUtilsEqualsIndexOfTest#testContainsIgnoreCase_StringString
* Started org.apache.commons.lang3.StringUtilsEqualsIndexOfTest#testIndexOfAnyBut_StringString
* Finished org.apache.commons.lang3.StringUtilsEqualsIndexOfTest#testIndexOfAnyBut_StringString
* Started org.apache.commons.lang3.StringUtilsEqualsIndexOfTest#testIndexOf_char
* Finished org.apache.commons.lang3.StringUtilsEqualsIndexOfTest#testIndexOf_char
* Started org.apache.commons.lang3.StringUtilsEqualsIndexOfTest#testIndexOf_charInt
* Finished org.apache.commons.lang3.StringUtilsEqualsIndexOfTest#testIndexOf_charInt
* Started org.apache.commons.lang3.StringUtilsEqualsIndexOfTest#testContainsNone_String
* Finished org.apache.commons.lang3.StringUtilsEqualsIndexOfTest#testContainsNone_String
* Started org.apache.commons.lang3.StringUtilsEqualsIndexOfTest#testContainsIgnoreCase_LocaleIndependence
* Finished org.apache.commons.lang3.StringUtilsEqualsIndexOfTest#testContainsIgnoreCase_LocaleIndependence
* Started org.apache.commons.lang3.StringUtilsEqualsIndexOfTest#testContainsAny_StringString
* Finished org.apache.commons.lang3.StringUtilsEqualsIndexOfTest#testContainsAny_StringString
* Started org.apache.commons.lang3.StringUtilsEqualsIndexOfTest#testLastIndexOf_charInt
* Finished org.apache.commons.lang3.StringUtilsEqualsIndexOfTest#testLastIndexOf_charInt
* Started org.apache.commons.lang3.StringUtilsEqualsIndexOfTest#testIndexOfAnyBut_StringChararray
* Finished org.apache.commons.lang3.StringUtilsEqualsIndexOfTest#testIndexOfAnyBut_StringChararray
* Started org.apache.commons.lang3.StringUtilsEqualsIndexOfTest#testIndexOf_StringInt
* Finished org.apache.commons.lang3.StringUtilsEqualsIndexOfTest#testIndexOf_StringInt
* Started org.apache.commons.lang3.StringUtilsEqualsIndexOfTest#testLastIndexOf_StringInt
* Finished org.apache.commons.lang3.StringUtilsEqualsIndexOfTest#testLastIndexOf_StringInt
* Started org.apache.commons.lang3.StringUtilsEqualsIndexOfTest#testIndexOfAny_StringStringarray
* Finished org.apache.commons.lang3.StringUtilsEqualsIndexOfTest#testIndexOfAny_StringStringarray
* Started org.apache.commons.lang3.StringUtilsEqualsIndexOfTest#testEquals
* Finished org.apache.commons.lang3.StringUtilsEqualsIndexOfTest#testEquals
* Started org.apache.commons.lang3.StringUtilsEqualsIndexOfTest#testLastIndexOf_char
* Finished org.apache.commons.lang3.StringUtilsEqualsIndexOfTest#testLastIndexOf_char
* Started org.apache.commons.lang3.StringUtilsEqualsIndexOfTest#testContainsOnly_Chararray
* Finished org.apache.commons.lang3.StringUtilsEqualsIndexOfTest#testContainsOnly_Chararray
* Started org.apache.commons.lang3.StringUtilsEqualsIndexOfTest#testLastIndexOfAny_StringStringarray
* Finished org.apache.commons.lang3.StringUtilsEqualsIndexOfTest#testLastIndexOfAny_StringStringarray
* Started org.apache.commons.lang3.StringUtilsEqualsIndexOfTest#testLastIndexOfIgnoreCase_String
* Finished org.apache.commons.lang3.StringUtilsEqualsIndexOfTest#testLastIndexOfIgnoreCase_String
* Started org.apache.commons.lang3.StringUtilsEqualsIndexOfTest#testContainsAny_StringChararray
* Finished org.apache.commons.lang3.StringUtilsEqualsIndexOfTest#testContainsAny_StringChararray
* Started org.apache.commons.lang3.StringUtilsEqualsIndexOfTest#testIndexOf_String
* Finished org.apache.commons.lang3.StringUtilsEqualsIndexOfTest#testIndexOf_String
* Started org.apache.commons.lang3.StringUtilsEqualsIndexOfTest#testIndexOfAny_StringChararray
* Finished org.apache.commons.lang3.StringUtilsEqualsIndexOfTest#testIndexOfAny_StringChararray
* Started org.apache.commons.lang3.ArrayUtilsRemoveTest#testRemoveElementObjectArray
* Finished org.apache.commons.lang3.ArrayUtilsRemoveTest#testRemoveElementObjectArray
* Started org.apache.commons.lang3.ArrayUtilsRemoveTest#testRemoveDoubleArray
* Finished org.apache.commons.lang3.ArrayUtilsRemoveTest#testRemoveDoubleArray
* Started org.apache.commons.lang3.ArrayUtilsRemoveTest#testRemoveObjectArray
* Finished org.apache.commons.lang3.ArrayUtilsRemoveTest#testRemoveObjectArray
* Started org.apache.commons.lang3.ArrayUtilsRemoveTest#testRemoveElementLongArray
* Finished org.apache.commons.lang3.ArrayUtilsRemoveTest#testRemoveElementLongArray
* Started org.apache.commons.lang3.ArrayUtilsRemoveTest#testRemoveFloatArray
* Finished org.apache.commons.lang3.ArrayUtilsRemoveTest#testRemoveFloatArray
* Started org.apache.commons.lang3.ArrayUtilsRemoveTest#testRemoveElementBooleanArray
* Finished org.apache.commons.lang3.ArrayUtilsRemoveTest#testRemoveElementBooleanArray
* Started org.apache.commons.lang3.ArrayUtilsRemoveTest#testRemoveCharArray
* Finished org.apache.commons.lang3.ArrayUtilsRemoveTest#testRemoveCharArray
* Started org.apache.commons.lang3.ArrayUtilsRemoveTest#testRemoveElementFloatArray
* Finished org.apache.commons.lang3.ArrayUtilsRemoveTest#testRemoveElementFloatArray
* Started org.apache.commons.lang3.ArrayUtilsRemoveTest#testRemoveElementIntArray
* Finished org.apache.commons.lang3.ArrayUtilsRemoveTest#testRemoveElementIntArray
* Started org.apache.commons.lang3.ArrayUtilsRemoveTest#testRemoveBooleanArray
* Finished org.apache.commons.lang3.ArrayUtilsRemoveTest#testRemoveBooleanArray
* Started org.apache.commons.lang3.ArrayUtilsRemoveTest#testRemoveByteArray
* Finished org.apache.commons.lang3.ArrayUtilsRemoveTest#testRemoveByteArray
* Started org.apache.commons.lang3.ArrayUtilsRemoveTest#testRemoveElementCharArray
* Finished org.apache.commons.lang3.ArrayUtilsRemoveTest#testRemoveElementCharArray
* Started org.apache.commons.lang3.ArrayUtilsRemoveTest#testRemoveElementByteArray
* Finished org.apache.commons.lang3.ArrayUtilsRemoveTest#testRemoveElementByteArray
* Started org.apache.commons.lang3.ArrayUtilsRemoveTest#testRemoveShortArray
* Finished org.apache.commons.lang3.ArrayUtilsRemoveTest#testRemoveShortArray
* Started org.apache.commons.lang3.ArrayUtilsRemoveTest#testRemoveElementDoubleArray
* Finished org.apache.commons.lang3.ArrayUtilsRemoveTest#testRemoveElementDoubleArray
* Started org.apache.commons.lang3.ArrayUtilsRemoveTest#testRemoveIntArray
* Finished org.apache.commons.lang3.ArrayUtilsRemoveTest#testRemoveIntArray
* Started org.apache.commons.lang3.ArrayUtilsRemoveTest#testRemoveLongArray
* Finished org.apache.commons.lang3.ArrayUtilsRemoveTest#testRemoveLongArray
* Started org.apache.commons.lang3.ArrayUtilsRemoveTest#testRemoveElementShortArray
* Finished org.apache.commons.lang3.ArrayUtilsRemoveTest#testRemoveElementShortArray
* Started org.apache.commons.lang3.StringUtilsSubstringTest#testRight_String
* Finished org.apache.commons.lang3.StringUtilsSubstringTest#testRight_String
* Started org.apache.commons.lang3.StringUtilsSubstringTest#testSubstringBefore_StringString
* Finished org.apache.commons.lang3.StringUtilsSubstringTest#testSubstringBefore_StringString
* Started org.apache.commons.lang3.StringUtilsSubstringTest#testSubstringsBetween_StringStringString
* Finished org.apache.commons.lang3.StringUtilsSubstringTest#testSubstringsBetween_StringStringString
* Started org.apache.commons.lang3.StringUtilsSubstringTest#testSubstringBetween_StringString
* Finished org.apache.commons.lang3.StringUtilsSubstringTest#testSubstringBetween_StringString
* Started org.apache.commons.lang3.StringUtilsSubstringTest#testSubstringAfterLast_StringString
* Finished org.apache.commons.lang3.StringUtilsSubstringTest#testSubstringAfterLast_StringString
* Started org.apache.commons.lang3.StringUtilsSubstringTest#testSubstringBetween_StringStringString
* Finished org.apache.commons.lang3.StringUtilsSubstringTest#testSubstringBetween_StringStringString
* Started org.apache.commons.lang3.StringUtilsSubstringTest#testSubstring_StringIntInt
* Finished org.apache.commons.lang3.StringUtilsSubstringTest#testSubstring_StringIntInt
* Started org.apache.commons.lang3.StringUtilsSubstringTest#testCountMatches_String
* Finished org.apache.commons.lang3.StringUtilsSubstringTest#testCountMatches_String
* Started org.apache.commons.lang3.StringUtilsSubstringTest#testSubstringBeforeLast_StringString
* Finished org.apache.commons.lang3.StringUtilsSubstringTest#testSubstringBeforeLast_StringString
* Started org.apache.commons.lang3.StringUtilsSubstringTest#testLeft_String
* Finished org.apache.commons.lang3.StringUtilsSubstringTest#testLeft_String
* Started org.apache.commons.lang3.StringUtilsSubstringTest#testMid_String
* Finished org.apache.commons.lang3.StringUtilsSubstringTest#testMid_String
* Started org.apache.commons.lang3.StringUtilsSubstringTest#testSubstring_StringInt
* Finished org.apache.commons.lang3.StringUtilsSubstringTest#testSubstring_StringInt
* Started org.apache.commons.lang3.StringUtilsSubstringTest#testSubstringAfter_StringString
* Finished org.apache.commons.lang3.StringUtilsSubstringTest#testSubstringAfter_StringString
* Started org.apache.commons.lang3.reflect.ConstructorUtilsTest#testInvokeConstructor
* Finished org.apache.commons.lang3.reflect.ConstructorUtilsTest#testInvokeConstructor
* Started org.apache.commons.lang3.reflect.ConstructorUtilsTest#testGetAccessibleConstructorFromDescription
* Finished org.apache.commons.lang3.reflect.ConstructorUtilsTest#testGetAccessibleConstructorFromDescription
* Started org.apache.commons.lang3.reflect.ConstructorUtilsTest#testInvokeExactConstructor
* Finished org.apache.commons.lang3.reflect.ConstructorUtilsTest#testInvokeExactConstructor
* Started org.apache.commons.lang3.reflect.ConstructorUtilsTest#testGetAccessibleConstructor
* Finished org.apache.commons.lang3.reflect.ConstructorUtilsTest#testGetAccessibleConstructor
* Started org.apache.commons.lang3.reflect.ConstructorUtilsTest#testGetMatchingAccessibleMethod
* Finished org.apache.commons.lang3.reflect.ConstructorUtilsTest#testGetMatchingAccessibleMethod
* Started org.apache.commons.lang3.reflect.ConstructorUtilsTest#testConstructor
* Finished org.apache.commons.lang3.reflect.ConstructorUtilsTest#testConstructor
* Started org.apache.commons.lang3.reflect.MethodUtilsTest#testGetAccessibleInterfaceMethod
* Finished org.apache.commons.lang3.reflect.MethodUtilsTest#testGetAccessibleInterfaceMethod
* Started org.apache.commons.lang3.reflect.MethodUtilsTest#testGetAccessibleInterfaceMethodFromDescription
* Finished org.apache.commons.lang3.reflect.MethodUtilsTest#testGetAccessibleInterfaceMethodFromDescription
* Started org.apache.commons.lang3.reflect.MethodUtilsTest#testInvokeStaticMethod
* Finished org.apache.commons.lang3.reflect.MethodUtilsTest#testInvokeStaticMethod
* Started org.apache.commons.lang3.reflect.MethodUtilsTest#testGetAccessiblePublicMethod
* Finished org.apache.commons.lang3.reflect.MethodUtilsTest#testGetAccessiblePublicMethod
* Started org.apache.commons.lang3.reflect.MethodUtilsTest#testGetMatchingAccessibleMethod
* Finished org.apache.commons.lang3.reflect.MethodUtilsTest#testGetMatchingAccessibleMethod
* Started org.apache.commons.lang3.reflect.MethodUtilsTest#testInvokeExactMethod
* Finished org.apache.commons.lang3.reflect.MethodUtilsTest#testInvokeExactMethod
* Started org.apache.commons.lang3.reflect.MethodUtilsTest#testInvokeMethod
* Finished org.apache.commons.lang3.reflect.MethodUtilsTest#testInvokeMethod
* Started org.apache.commons.lang3.reflect.MethodUtilsTest#testInvokeExactStaticMethod
* Finished org.apache.commons.lang3.reflect.MethodUtilsTest#testInvokeExactStaticMethod
* Started org.apache.commons.lang3.reflect.MethodUtilsTest#testGetAccessiblePublicMethodFromDescription
* Finished org.apache.commons.lang3.reflect.MethodUtilsTest#testGetAccessiblePublicMethodFromDescription
* Started org.apache.commons.lang3.reflect.MethodUtilsTest#testConstructor
* Finished org.apache.commons.lang3.reflect.MethodUtilsTest#testConstructor
* Started org.apache.commons.lang3.reflect.FieldUtilsTest#testReadStaticFieldForceAccess
* Finished org.apache.commons.lang3.reflect.FieldUtilsTest#testReadStaticFieldForceAccess
* Started org.apache.commons.lang3.reflect.FieldUtilsTest#testReadDeclaredNamedField
* Finished org.apache.commons.lang3.reflect.FieldUtilsTest#testReadDeclaredNamedField
* Started org.apache.commons.lang3.reflect.FieldUtilsTest#testReadNamedStaticField
* Finished org.apache.commons.lang3.reflect.FieldUtilsTest#testReadNamedStaticField
* Started org.apache.commons.lang3.reflect.FieldUtilsTest#testReadDeclaredNamedStaticFieldForceAccess
* Finished org.apache.commons.lang3.reflect.FieldUtilsTest#testReadDeclaredNamedStaticFieldForceAccess
* Started org.apache.commons.lang3.reflect.FieldUtilsTest#testReadDeclaredNamedFieldForceAccess
* Finished org.apache.commons.lang3.reflect.FieldUtilsTest#testReadDeclaredNamedFieldForceAccess
* Started org.apache.commons.lang3.reflect.FieldUtilsTest#testGetField
* Finished org.apache.commons.lang3.reflect.FieldUtilsTest#testGetField
* Started org.apache.commons.lang3.reflect.FieldUtilsTest#testReadDeclaredNamedStaticField
* Finished org.apache.commons.lang3.reflect.FieldUtilsTest#testReadDeclaredNamedStaticField
* Started org.apache.commons.lang3.reflect.FieldUtilsTest#testWriteField
* Finished org.apache.commons.lang3.reflect.FieldUtilsTest#testWriteField
* Started org.apache.commons.lang3.reflect.FieldUtilsTest#testWriteNamedStaticFieldForceAccess
* Finished org.apache.commons.lang3.reflect.FieldUtilsTest#testWriteNamedStaticFieldForceAccess
* Started org.apache.commons.lang3.reflect.FieldUtilsTest#testWriteFieldForceAccess
* Finished org.apache.commons.lang3.reflect.FieldUtilsTest#testWriteFieldForceAccess
* Started org.apache.commons.lang3.reflect.FieldUtilsTest#testAmbig
* Finished org.apache.commons.lang3.reflect.FieldUtilsTest#testAmbig
* Started org.apache.commons.lang3.reflect.FieldUtilsTest#testWriteNamedField
* Finished org.apache.commons.lang3.reflect.FieldUtilsTest#testWriteNamedField
* Started org.apache.commons.lang3.reflect.FieldUtilsTest#testWriteDeclaredNamedFieldForceAccess
* Finished org.apache.commons.lang3.reflect.FieldUtilsTest#testWriteDeclaredNamedFieldForceAccess
* Started org.apache.commons.lang3.reflect.FieldUtilsTest#testWriteDeclaredNamedStaticField
* Finished org.apache.commons.lang3.reflect.FieldUtilsTest#testWriteDeclaredNamedStaticField
* Started org.apache.commons.lang3.reflect.FieldUtilsTest#testReadNamedField
* Finished org.apache.commons.lang3.reflect.FieldUtilsTest#testReadNamedField
* Started org.apache.commons.lang3.reflect.FieldUtilsTest#testGetFieldForceAccess
* Finished org.apache.commons.lang3.reflect.FieldUtilsTest#testGetFieldForceAccess
* Started org.apache.commons.lang3.reflect.FieldUtilsTest#testReadField
* Finished org.apache.commons.lang3.reflect.FieldUtilsTest#testReadField
* Started org.apache.commons.lang3.reflect.FieldUtilsTest#testWriteNamedStaticField
* Finished org.apache.commons.lang3.reflect.FieldUtilsTest#testWriteNamedStaticField
* Started org.apache.commons.lang3.reflect.FieldUtilsTest#testWriteStaticFieldForceAccess
* Finished org.apache.commons.lang3.reflect.FieldUtilsTest#testWriteStaticFieldForceAccess
* Started org.apache.commons.lang3.reflect.FieldUtilsTest#testWriteStaticField
* Finished org.apache.commons.lang3.reflect.FieldUtilsTest#testWriteStaticField
* Started org.apache.commons.lang3.reflect.FieldUtilsTest#testWriteNamedFieldForceAccess
* Finished org.apache.commons.lang3.reflect.FieldUtilsTest#testWriteNamedFieldForceAccess
* Started org.apache.commons.lang3.reflect.FieldUtilsTest#testReadNamedStaticFieldForceAccess
* Finished org.apache.commons.lang3.reflect.FieldUtilsTest#testReadNamedStaticFieldForceAccess
* Started org.apache.commons.lang3.reflect.FieldUtilsTest#testReadStaticField
* Finished org.apache.commons.lang3.reflect.FieldUtilsTest#testReadStaticField
* Started org.apache.commons.lang3.reflect.FieldUtilsTest#testWriteDeclaredNamedStaticFieldForceAccess
* Finished org.apache.commons.lang3.reflect.FieldUtilsTest#testWriteDeclaredNamedStaticFieldForceAccess
* Started org.apache.commons.lang3.reflect.FieldUtilsTest#testWriteDeclaredNamedField
* Finished org.apache.commons.lang3.reflect.FieldUtilsTest#testWriteDeclaredNamedField
* Started org.apache.commons.lang3.reflect.FieldUtilsTest#testGetDeclaredField
* Finished org.apache.commons.lang3.reflect.FieldUtilsTest#testGetDeclaredField
* Started org.apache.commons.lang3.reflect.FieldUtilsTest#testGetDeclaredFieldForceAccess
* Finished org.apache.commons.lang3.reflect.FieldUtilsTest#testGetDeclaredFieldForceAccess
* Started org.apache.commons.lang3.reflect.FieldUtilsTest#testReadFieldForceAccess
* Finished org.apache.commons.lang3.reflect.FieldUtilsTest#testReadFieldForceAccess
* Started org.apache.commons.lang3.reflect.FieldUtilsTest#testReadNamedFieldForceAccess
* Finished org.apache.commons.lang3.reflect.FieldUtilsTest#testReadNamedFieldForceAccess
* Started org.apache.commons.lang3.CharSetUtilsTest#testSqueeze_StringString
* Finished org.apache.commons.lang3.CharSetUtilsTest#testSqueeze_StringString
* Started org.apache.commons.lang3.CharSetUtilsTest#testDelete_StringString
* Finished org.apache.commons.lang3.CharSetUtilsTest#testDelete_StringString
* Started org.apache.commons.lang3.CharSetUtilsTest#testKeep_StringString
* Finished org.apache.commons.lang3.CharSetUtilsTest#testKeep_StringString
* Started org.apache.commons.lang3.CharSetUtilsTest#testDelete_StringStringarray
* Finished org.apache.commons.lang3.CharSetUtilsTest#testDelete_StringStringarray
* Started org.apache.commons.lang3.CharSetUtilsTest#testCount_StringStringarray
* Finished org.apache.commons.lang3.CharSetUtilsTest#testCount_StringStringarray
* Started org.apache.commons.lang3.CharSetUtilsTest#testKeep_StringStringarray
* Finished org.apache.commons.lang3.CharSetUtilsTest#testKeep_StringStringarray
* Started org.apache.commons.lang3.CharSetUtilsTest#testCount_StringString
* Finished org.apache.commons.lang3.CharSetUtilsTest#testCount_StringString
* Started org.apache.commons.lang3.CharSetUtilsTest#testSqueeze_StringStringarray
* Finished org.apache.commons.lang3.CharSetUtilsTest#testSqueeze_StringStringarray
* Started org.apache.commons.lang3.CharSetUtilsTest#testConstructor
* Finished org.apache.commons.lang3.CharSetUtilsTest#testConstructor
* Started org.apache.commons.lang3.StringUtilsTest#testJoin_IterableChar
* Finished org.apache.commons.lang3.StringUtilsTest#testJoin_IterableChar
* Started org.apache.commons.lang3.StringUtilsTest#testRightPad_StringInt
* Finished org.apache.commons.lang3.StringUtilsTest#testRightPad_StringInt
* Started org.apache.commons.lang3.StringUtilsTest#testDeleteWhitespace_String
* Finished org.apache.commons.lang3.StringUtilsTest#testDeleteWhitespace_String
* Started org.apache.commons.lang3.StringUtilsTest#testRemove_String
* Finished org.apache.commons.lang3.StringUtilsTest#testRemove_String
* Started org.apache.commons.lang3.StringUtilsTest#testJoin_ArrayChar
* Finished org.apache.commons.lang3.StringUtilsTest#testJoin_ArrayChar
* Started org.apache.commons.lang3.StringUtilsTest#testDifferenceAt_StringString
* Finished org.apache.commons.lang3.StringUtilsTest#testDifferenceAt_StringString
* Started org.apache.commons.lang3.StringUtilsTest#testSplitByCharacterType
* Finished org.apache.commons.lang3.StringUtilsTest#testSplitByCharacterType
* Started org.apache.commons.lang3.StringUtilsTest#testDifferenceAt_StringArray
* Finished org.apache.commons.lang3.StringUtilsTest#testDifferenceAt_StringArray
* Started org.apache.commons.lang3.StringUtilsTest#testRepeat_StringStringInt
* Finished org.apache.commons.lang3.StringUtilsTest#testRepeat_StringStringInt
* Started org.apache.commons.lang3.StringUtilsTest#testOverlay_StringStringIntInt
* Finished org.apache.commons.lang3.StringUtilsTest#testOverlay_StringStringIntInt
* Started org.apache.commons.lang3.StringUtilsTest#testJoin_ArrayString
* Finished org.apache.commons.lang3.StringUtilsTest#testJoin_ArrayString
* Started org.apache.commons.lang3.StringUtilsTest#testIsAllLowerCase
* Finished org.apache.commons.lang3.StringUtilsTest#testIsAllLowerCase
* Started org.apache.commons.lang3.StringUtilsTest#testReverseDelimited_StringChar
* Finished org.apache.commons.lang3.StringUtilsTest#testReverseDelimited_StringChar
* Started org.apache.commons.lang3.StringUtilsTest#testChomp
* Finished org.apache.commons.lang3.StringUtilsTest#testChomp
* Started org.apache.commons.lang3.StringUtilsTest#testEMPTY
* Finished org.apache.commons.lang3.StringUtilsTest#testEMPTY
* Started org.apache.commons.lang3.StringUtilsTest#testChop
* Finished org.apache.commons.lang3.StringUtilsTest#testChop
* Started org.apache.commons.lang3.StringUtilsTest#testJoin_IterableString
* Finished org.apache.commons.lang3.StringUtilsTest#testJoin_IterableString
* Started org.apache.commons.lang3.StringUtilsTest#testSplitPreserveAllTokens_StringString_StringStringInt
* Finished org.apache.commons.lang3.StringUtilsTest#testSplitPreserveAllTokens_StringString_StringStringInt
* Started org.apache.commons.lang3.StringUtilsTest#testRemoveStart
* Finished org.apache.commons.lang3.StringUtilsTest#testRemoveStart
* Started org.apache.commons.lang3.StringUtilsTest#testRemove_char
* Finished org.apache.commons.lang3.StringUtilsTest#testRemove_char
* Started org.apache.commons.lang3.StringUtilsTest#testReplaceChars_StringCharChar
* Finished org.apache.commons.lang3.StringUtilsTest#testReplaceChars_StringCharChar
* Started org.apache.commons.lang3.StringUtilsTest#testStartsWithAny
* Finished org.apache.commons.lang3.StringUtilsTest#testStartsWithAny
* Started org.apache.commons.lang3.StringUtilsTest#testIsAllUpperCase
* Finished org.apache.commons.lang3.StringUtilsTest#testIsAllUpperCase
* Started org.apache.commons.lang3.StringUtilsTest#testRemoveEndIgnoreCase
* Finished org.apache.commons.lang3.StringUtilsTest#testRemoveEndIgnoreCase
* Started org.apache.commons.lang3.StringUtilsTest#testCenter_StringIntChar
* Finished org.apache.commons.lang3.StringUtilsTest#testCenter_StringIntChar
* Started org.apache.commons.lang3.StringUtilsTest#testReplaceChars_StringStringString
* Finished org.apache.commons.lang3.StringUtilsTest#testReplaceChars_StringStringString
* Started org.apache.commons.lang3.StringUtilsTest#testLeftPad_StringIntString
* Finished org.apache.commons.lang3.StringUtilsTest#testLeftPad_StringIntString
* Started org.apache.commons.lang3.StringUtilsTest#testSplitPreserveAllTokens_StringChar
* Finished org.apache.commons.lang3.StringUtilsTest#testSplitPreserveAllTokens_StringChar
* Started org.apache.commons.lang3.StringUtilsTest#testDefaultIfEmpty_StringString
* Finished org.apache.commons.lang3.StringUtilsTest#testDefaultIfEmpty_StringString
* Started org.apache.commons.lang3.StringUtilsTest#testCenter_StringInt
* Finished org.apache.commons.lang3.StringUtilsTest#testCenter_StringInt
* Started org.apache.commons.lang3.StringUtilsTest#testGetCommonPrefix_StringArray
* Finished org.apache.commons.lang3.StringUtilsTest#testGetCommonPrefix_StringArray
* Started org.apache.commons.lang3.StringUtilsTest#testSplit_String
* Finished org.apache.commons.lang3.StringUtilsTest#testSplit_String
* Started org.apache.commons.lang3.StringUtilsTest#testDefault_String
* Finished org.apache.commons.lang3.StringUtilsTest#testDefault_String
* Started org.apache.commons.lang3.StringUtilsTest#testLeftPad_StringIntChar
* Finished org.apache.commons.lang3.StringUtilsTest#testLeftPad_StringIntChar
* Started org.apache.commons.lang3.StringUtilsTest#testRepeat_StringInt
* Finished org.apache.commons.lang3.StringUtilsTest#testRepeat_StringInt
* Started org.apache.commons.lang3.StringUtilsTest#testAbbreviate_StringInt
* Finished org.apache.commons.lang3.StringUtilsTest#testAbbreviate_StringInt
* Started org.apache.commons.lang3.StringUtilsTest#testDefault_StringString
* Finished org.apache.commons.lang3.StringUtilsTest#testDefault_StringString
* Started org.apache.commons.lang3.StringUtilsTest#testJoin_IteratorString
* Finished org.apache.commons.lang3.StringUtilsTest#testJoin_IteratorString
* Started org.apache.commons.lang3.StringUtilsTest#testRightPad_StringIntChar
* Finished org.apache.commons.lang3.StringUtilsTest#testRightPad_StringIntChar
* Started org.apache.commons.lang3.StringUtilsTest#testGetLevenshteinDistance_StringString
* Finished org.apache.commons.lang3.StringUtilsTest#testGetLevenshteinDistance_StringString
* Started org.apache.commons.lang3.StringUtilsTest#testJoin_Objectarray
* Finished org.apache.commons.lang3.StringUtilsTest#testJoin_Objectarray
* Started org.apache.commons.lang3.StringUtilsTest#testAbbreviate_StringIntInt
* Finished org.apache.commons.lang3.StringUtilsTest#testAbbreviate_StringIntInt
* Started org.apache.commons.lang3.StringUtilsTest#testReplace_StringStringArrayStringArray
* Finished org.apache.commons.lang3.StringUtilsTest#testReplace_StringStringArrayStringArray
* Started org.apache.commons.lang3.StringUtilsTest#testSplitPreserveAllTokens_String
* Finished org.apache.commons.lang3.StringUtilsTest#testSplitPreserveAllTokens_String
* Started org.apache.commons.lang3.StringUtilsTest#testReplaceOnce_StringStringString
* Finished org.apache.commons.lang3.StringUtilsTest#testReplaceOnce_StringStringString
* Started org.apache.commons.lang3.StringUtilsTest#testJoin_IteratorChar
* Finished org.apache.commons.lang3.StringUtilsTest#testJoin_IteratorChar
* Started org.apache.commons.lang3.StringUtilsTest#testReverse_String
* Finished org.apache.commons.lang3.StringUtilsTest#testReverse_String
* Started org.apache.commons.lang3.StringUtilsTest#testReplace_StringStringString
* Finished org.apache.commons.lang3.StringUtilsTest#testReplace_StringStringString
* Started org.apache.commons.lang3.StringUtilsTest#testSplitByWholeSeparatorPreserveAllTokens_StringStringInt
* Finished org.apache.commons.lang3.StringUtilsTest#testSplitByWholeSeparatorPreserveAllTokens_StringStringInt
* Started org.apache.commons.lang3.StringUtilsTest#testCaseFunctions
* Finished org.apache.commons.lang3.StringUtilsTest#testCaseFunctions
* Started org.apache.commons.lang3.StringUtilsTest#testSplitByWholeString_StringStringBooleanInt
* Finished org.apache.commons.lang3.StringUtilsTest#testSplitByWholeString_StringStringBooleanInt
* Started org.apache.commons.lang3.StringUtilsTest#testSplitByWholeString_StringStringBoolean
* Finished org.apache.commons.lang3.StringUtilsTest#testSplitByWholeString_StringStringBoolean
* Started org.apache.commons.lang3.StringUtilsTest#testDifference_StringString
* Finished org.apache.commons.lang3.StringUtilsTest#testDifference_StringString
* Started org.apache.commons.lang3.StringUtilsTest#testLeftPad_StringInt
* Finished org.apache.commons.lang3.StringUtilsTest#testLeftPad_StringInt
* Started org.apache.commons.lang3.StringUtilsTest#testReplace_StringStringArrayStringArrayBoolean
* Finished org.apache.commons.lang3.StringUtilsTest#testReplace_StringStringArrayStringArrayBoolean
* Started org.apache.commons.lang3.StringUtilsTest#testSplit_StringChar
* Finished org.apache.commons.lang3.StringUtilsTest#testSplit_StringChar
* Started org.apache.commons.lang3.StringUtilsTest#testLength
* Finished org.apache.commons.lang3.StringUtilsTest#testLength
* Started org.apache.commons.lang3.StringUtilsTest#testRightPad_StringIntString
* Finished org.apache.commons.lang3.StringUtilsTest#testRightPad_StringIntString
* Started org.apache.commons.lang3.StringUtilsTest#testSwapCase_String
* Finished org.apache.commons.lang3.StringUtilsTest#testSwapCase_String
* Started org.apache.commons.lang3.StringUtilsTest#testRemoveStartIgnoreCase
* Finished org.apache.commons.lang3.StringUtilsTest#testRemoveStartIgnoreCase
* Started org.apache.commons.lang3.StringUtilsTest#testSplit_StringString_StringStringInt
* Finished org.apache.commons.lang3.StringUtilsTest#testSplit_StringString_StringStringInt
* Started org.apache.commons.lang3.StringUtilsTest#testRemoveEnd
* Finished org.apache.commons.lang3.StringUtilsTest#testRemoveEnd
* Started org.apache.commons.lang3.StringUtilsTest#testCenter_StringIntString
* Finished org.apache.commons.lang3.StringUtilsTest#testCenter_StringIntString
* Started org.apache.commons.lang3.StringUtilsTest#testConstructor
* Finished org.apache.commons.lang3.StringUtilsTest#testConstructor
* Started org.apache.commons.lang3.StringUtilsTest#testSplitByCharacterTypeCamelCase
* Finished org.apache.commons.lang3.StringUtilsTest#testSplitByCharacterTypeCamelCase
* Started org.apache.commons.lang3.StringUtilsTest#testReplace_StringStringStringInt
* Finished org.apache.commons.lang3.StringUtilsTest#testReplace_StringStringStringInt
* Started org.apache.commons.lang3.ClassUtilsTest#test_getShortClassName_Class
* Finished org.apache.commons.lang3.ClassUtilsTest#test_getShortClassName_Class
* Started org.apache.commons.lang3.ClassUtilsTest#test_isAssignable
* Finished org.apache.commons.lang3.ClassUtilsTest#test_isAssignable
* Started org.apache.commons.lang3.ClassUtilsTest#testShowJavaBug
* Finished org.apache.commons.lang3.ClassUtilsTest#testShowJavaBug
* Started org.apache.commons.lang3.ClassUtilsTest#testToClass_object
* Finished org.apache.commons.lang3.ClassUtilsTest#testToClass_object
* Started org.apache.commons.lang3.ClassUtilsTest#testGetClassByNormalNameArrays
* Finished org.apache.commons.lang3.ClassUtilsTest#testGetClassByNormalNameArrays
* Started org.apache.commons.lang3.ClassUtilsTest#test_getAllSuperclasses_Class
* Finished org.apache.commons.lang3.ClassUtilsTest#test_getAllSuperclasses_Class
* Started org.apache.commons.lang3.ClassUtilsTest#testPrimitiveToWrapper
* Finished org.apache.commons.lang3.ClassUtilsTest#testPrimitiveToWrapper
* Started org.apache.commons.lang3.ClassUtilsTest#test_getPackageCanonicalName_Object
* Finished org.apache.commons.lang3.ClassUtilsTest#test_getPackageCanonicalName_Object
* Started org.apache.commons.lang3.ClassUtilsTest#test_isAssignable_Widening
* Finished org.apache.commons.lang3.ClassUtilsTest#test_isAssignable_Widening
* Started org.apache.commons.lang3.ClassUtilsTest#test_getPackageCanonicalName_String
* Finished org.apache.commons.lang3.ClassUtilsTest#test_getPackageCanonicalName_String
* Started org.apache.commons.lang3.ClassUtilsTest#testGetClassWithArrayClasses
* Finished org.apache.commons.lang3.ClassUtilsTest#testGetClassWithArrayClasses
* Started org.apache.commons.lang3.ClassUtilsTest#test_getPackageCanonicalName_Class
* Finished org.apache.commons.lang3.ClassUtilsTest#test_getPackageCanonicalName_Class
* Started org.apache.commons.lang3.ClassUtilsTest#test_getShortClassName_Object
* Finished org.apache.commons.lang3.ClassUtilsTest#test_getShortClassName_Object
* Started org.apache.commons.lang3.ClassUtilsTest#test_getShortClassName_String
* Finished org.apache.commons.lang3.ClassUtilsTest#test_getShortClassName_String
* Started org.apache.commons.lang3.ClassUtilsTest#testWrapperToPrimitive
* Finished org.apache.commons.lang3.ClassUtilsTest#testWrapperToPrimitive
* Started org.apache.commons.lang3.ClassUtilsTest#testWrappersToPrimitives
* Finished org.apache.commons.lang3.ClassUtilsTest#testWrappersToPrimitives
* Started org.apache.commons.lang3.ClassUtilsTest#testGetClassWithArrayClasses2D
* Finished org.apache.commons.lang3.ClassUtilsTest#testGetClassWithArrayClasses2D
* Started org.apache.commons.lang3.ClassUtilsTest#test_getPackageName_Object
* Finished org.apache.commons.lang3.ClassUtilsTest#test_getPackageName_Object
* Started org.apache.commons.lang3.ClassUtilsTest#test_getPackageName_String
* Finished org.apache.commons.lang3.ClassUtilsTest#test_getPackageName_String
* Started org.apache.commons.lang3.ClassUtilsTest#testWrapperToPrimitiveNull
* Finished org.apache.commons.lang3.ClassUtilsTest#testWrapperToPrimitiveNull
* Started org.apache.commons.lang3.ClassUtilsTest#testGetClassByNormalNameArrays2D
* Finished org.apache.commons.lang3.ClassUtilsTest#testGetClassByNormalNameArrays2D
* Started org.apache.commons.lang3.ClassUtilsTest#testWithInterleavingWhitespace
* Finished org.apache.commons.lang3.ClassUtilsTest#testWithInterleavingWhitespace
* Started org.apache.commons.lang3.ClassUtilsTest#test_getPackageName_Class
* Finished org.apache.commons.lang3.ClassUtilsTest#test_getPackageName_Class
* Started org.apache.commons.lang3.ClassUtilsTest#test_getShortCanonicalName_Object
* Finished org.apache.commons.lang3.ClassUtilsTest#test_getShortCanonicalName_Object
* Started org.apache.commons.lang3.ClassUtilsTest#test_getShortCanonicalName_String
* Finished org.apache.commons.lang3.ClassUtilsTest#test_getShortCanonicalName_String
* Started org.apache.commons.lang3.ClassUtilsTest#test_getShortCanonicalName_Class
* Finished org.apache.commons.lang3.ClassUtilsTest#test_getShortCanonicalName_Class
* Started org.apache.commons.lang3.ClassUtilsTest#testGetClassRawPrimitives
* Finished org.apache.commons.lang3.ClassUtilsTest#testGetClassRawPrimitives
* Started org.apache.commons.lang3.ClassUtilsTest#testGetClassInvalidArguments
* Finished org.apache.commons.lang3.ClassUtilsTest#testGetClassInvalidArguments
* Started org.apache.commons.lang3.ClassUtilsTest#testPrimitivesToWrappers
* Finished org.apache.commons.lang3.ClassUtilsTest#testPrimitivesToWrappers
* Started org.apache.commons.lang3.ClassUtilsTest#testGetClassClassNotFound
[ERROR] Class not found
java.lang.ClassNotFoundException: bool
	at java.lang.ClassLoader.findClass(ClassLoader.java:530)
	at java.lang.ClassLoader.loadClass(ClassLoader.java:424)
	at java.lang.ClassLoader.loadClass(ClassLoader.java:357)
	at com.gzoltar.lib.instrumentation.util.GZoltarClassLoader.loadClass(Unknown Source)
	at java.lang.Class.forName0(Native Method)
	at java.lang.Class.forName(Class.java:348)
	at org.apache.commons.lang3.ClassUtils.getClass(ClassUtils.java:745)
	at org.apache.commons.lang3.ClassUtils.getClass(ClassUtils.java:793)
	at org.apache.commons.lang3.ClassUtils.getClass(ClassUtils.java:776)
	at org.apache.commons.lang3.ClassUtilsTest.assertGetClassThrowsException(ClassUtilsTest.java:697)
	at org.apache.commons.lang3.ClassUtilsTest.assertGetClassThrowsClassNotFound(ClassUtilsTest.java:710)
	at org.apache.commons.lang3.ClassUtilsTest.testGetClassClassNotFound(ClassUtilsTest.java:610)
	at sun.reflect.NativeMethodAccessorImpl.invoke0(Native Method)
	at sun.reflect.NativeMethodAccessorImpl.invoke(NativeMethodAccessorImpl.java:62)
	at sun.reflect.DelegatingMethodAccessorImpl.invoke(DelegatingMethodAccessorImpl.java:43)
	at java.lang.reflect.Method.invoke(Method.java:498)
	at junit.framework.TestCase.runTest(TestCase.java:176)
	at junit.framework.TestCase.runBare(TestCase.java:141)
	at junit.framework.TestResult$1.protect(TestResult.java:122)
	at junit.framework.TestResult.runProtected(TestResult.java:142)
	at junit.framework.TestResult.run(TestResult.java:125)
	at junit.framework.TestCase.run(TestCase.java:129)
	at junit.framework.TestSuite.runTest(TestSuite.java:255)
	at junit.framework.TestSuite.run(TestSuite.java:250)
	at org.junit.internal.runners.JUnit38ClassRunner.run(JUnit38ClassRunner.java:84)
	at com.gzoltar.lib.instrumentation.testing.junit.a.call(Unknown Source)
	at java.util.concurrent.FutureTask.run(FutureTask.java:266)
	at java.util.concurrent.ThreadPoolExecutor.runWorker(ThreadPoolExecutor.java:1149)
	at java.util.concurrent.ThreadPoolExecutor$Worker.run(ThreadPoolExecutor.java:624)
	at java.lang.Thread.run(Thread.java:748)
[ERROR] Class not found
java.lang.ClassNotFoundException: bool
	at java.lang.ClassLoader.findClass(ClassLoader.java:530)
	at java.lang.ClassLoader.loadClass(ClassLoader.java:424)
	at java.lang.ClassLoader.loadClass(ClassLoader.java:357)
	at com.gzoltar.lib.instrumentation.util.GZoltarClassLoader.loadClass(Unknown Source)
	at java.lang.Class.forName0(Native Method)
	at java.lang.Class.forName(Class.java:348)
	at org.apache.commons.lang3.ClassUtils.getClass(ClassUtils.java:745)
	at org.apache.commons.lang3.ClassUtils.getClass(ClassUtils.java:793)
	at org.apache.commons.lang3.ClassUtils.getClass(ClassUtils.java:776)
	at org.apache.commons.lang3.ClassUtilsTest.assertGetClassThrowsException(ClassUtilsTest.java:697)
	at org.apache.commons.lang3.ClassUtilsTest.assertGetClassThrowsClassNotFound(ClassUtilsTest.java:710)
	at org.apache.commons.lang3.ClassUtilsTest.testGetClassClassNotFound(ClassUtilsTest.java:611)
	at sun.reflect.NativeMethodAccessorImpl.invoke0(Native Method)
	at sun.reflect.NativeMethodAccessorImpl.invoke(NativeMethodAccessorImpl.java:62)
	at sun.reflect.DelegatingMethodAccessorImpl.invoke(DelegatingMethodAccessorImpl.java:43)
	at java.lang.reflect.Method.invoke(Method.java:498)
	at junit.framework.TestCase.runTest(TestCase.java:176)
	at junit.framework.TestCase.runBare(TestCase.java:141)
	at junit.framework.TestResult$1.protect(TestResult.java:122)
	at junit.framework.TestResult.runProtected(TestResult.java:142)
	at junit.framework.TestResult.run(TestResult.java:125)
	at junit.framework.TestCase.run(TestCase.java:129)
	at junit.framework.TestSuite.runTest(TestSuite.java:255)
	at junit.framework.TestSuite.run(TestSuite.java:250)
	at org.junit.internal.runners.JUnit38ClassRunner.run(JUnit38ClassRunner.java:84)
	at com.gzoltar.lib.instrumentation.testing.junit.a.call(Unknown Source)
	at java.util.concurrent.FutureTask.run(FutureTask.java:266)
	at java.util.concurrent.ThreadPoolExecutor.runWorker(ThreadPoolExecutor.java:1149)
	at java.util.concurrent.ThreadPoolExecutor$Worker.run(ThreadPoolExecutor.java:624)
	at java.lang.Thread.run(Thread.java:748)
[ERROR] Class not found
java.lang.ClassNotFoundException: integer
	at java.lang.ClassLoader.findClass(ClassLoader.java:530)
	at java.lang.ClassLoader.loadClass(ClassLoader.java:424)
	at java.lang.ClassLoader.loadClass(ClassLoader.java:357)
	at com.gzoltar.lib.instrumentation.util.GZoltarClassLoader.loadClass(Unknown Source)
	at java.lang.Class.forName0(Native Method)
	at java.lang.Class.forName(Class.java:348)
	at org.apache.commons.lang3.ClassUtils.getClass(ClassUtils.java:745)
	at org.apache.commons.lang3.ClassUtils.getClass(ClassUtils.java:793)
	at org.apache.commons.lang3.ClassUtils.getClass(ClassUtils.java:776)
	at org.apache.commons.lang3.ClassUtilsTest.assertGetClassThrowsException(ClassUtilsTest.java:697)
	at org.apache.commons.lang3.ClassUtilsTest.assertGetClassThrowsClassNotFound(ClassUtilsTest.java:710)
	at org.apache.commons.lang3.ClassUtilsTest.testGetClassClassNotFound(ClassUtilsTest.java:612)
	at sun.reflect.NativeMethodAccessorImpl.invoke0(Native Method)
	at sun.reflect.NativeMethodAccessorImpl.invoke(NativeMethodAccessorImpl.java:62)
	at sun.reflect.DelegatingMethodAccessorImpl.invoke(DelegatingMethodAccessorImpl.java:43)
	at java.lang.reflect.Method.invoke(Method.java:498)
	at junit.framework.TestCase.runTest(TestCase.java:176)
	at junit.framework.TestCase.runBare(TestCase.java:141)
	at junit.framework.TestResult$1.protect(TestResult.java:122)
	at junit.framework.TestResult.runProtected(TestResult.java:142)
	at junit.framework.TestResult.run(TestResult.java:125)
	at junit.framework.TestCase.run(TestCase.java:129)
	at junit.framework.TestSuite.runTest(TestSuite.java:255)
	at junit.framework.TestSuite.run(TestSuite.java:250)
	at org.junit.internal.runners.JUnit38ClassRunner.run(JUnit38ClassRunner.java:84)
	at com.gzoltar.lib.instrumentation.testing.junit.a.call(Unknown Source)
	at java.util.concurrent.FutureTask.run(FutureTask.java:266)
	at java.util.concurrent.ThreadPoolExecutor.runWorker(ThreadPoolExecutor.java:1149)
	at java.util.concurrent.ThreadPoolExecutor$Worker.run(ThreadPoolExecutor.java:624)
	at java.lang.Thread.run(Thread.java:748)
* Finished org.apache.commons.lang3.ClassUtilsTest#testGetClassClassNotFound
* Started org.apache.commons.lang3.ClassUtilsTest#testWrappersToPrimitivesNull
* Finished org.apache.commons.lang3.ClassUtilsTest#testWrappersToPrimitivesNull
* Started org.apache.commons.lang3.ClassUtilsTest#test_isInnerClass_Class
* Finished org.apache.commons.lang3.ClassUtilsTest#test_isInnerClass_Class
* Started org.apache.commons.lang3.ClassUtilsTest#test_isAssignable_ClassArray_ClassArray
* Finished org.apache.commons.lang3.ClassUtilsTest#test_isAssignable_ClassArray_ClassArray
* Started org.apache.commons.lang3.ClassUtilsTest#test_isAssignable_Unboxing_Widening
* Finished org.apache.commons.lang3.ClassUtilsTest#test_isAssignable_Unboxing_Widening
* Started org.apache.commons.lang3.ClassUtilsTest#testWrappersToPrimitivesEmpty
* Finished org.apache.commons.lang3.ClassUtilsTest#testWrappersToPrimitivesEmpty
* Started org.apache.commons.lang3.ClassUtilsTest#testWrapperToPrimitiveNoWrapper
* Finished org.apache.commons.lang3.ClassUtilsTest#testWrapperToPrimitiveNoWrapper
* Started org.apache.commons.lang3.ClassUtilsTest#test_convertClassNamesToClasses_List
[ERROR] Class not found
java.lang.ClassNotFoundException: java.lang.xxx
	at java.lang.ClassLoader.findClass(ClassLoader.java:530)
	at java.lang.ClassLoader.loadClass(ClassLoader.java:424)
	at java.lang.ClassLoader.loadClass(ClassLoader.java:357)
	at com.gzoltar.lib.instrumentation.util.GZoltarClassLoader.loadClass(Unknown Source)
	at java.lang.Class.forName0(Native Method)
	at java.lang.Class.forName(Class.java:264)
	at org.apache.commons.lang3.ClassUtils.convertClassNamesToClasses(ClassUtils.java:359)
	at org.apache.commons.lang3.ClassUtilsTest.test_convertClassNamesToClasses_List(ClassUtilsTest.java:220)
	at sun.reflect.NativeMethodAccessorImpl.invoke0(Native Method)
	at sun.reflect.NativeMethodAccessorImpl.invoke(NativeMethodAccessorImpl.java:62)
	at sun.reflect.DelegatingMethodAccessorImpl.invoke(DelegatingMethodAccessorImpl.java:43)
	at java.lang.reflect.Method.invoke(Method.java:498)
	at junit.framework.TestCase.runTest(TestCase.java:176)
	at junit.framework.TestCase.runBare(TestCase.java:141)
	at junit.framework.TestResult$1.protect(TestResult.java:122)
	at junit.framework.TestResult.runProtected(TestResult.java:142)
	at junit.framework.TestResult.run(TestResult.java:125)
	at junit.framework.TestCase.run(TestCase.java:129)
	at junit.framework.TestSuite.runTest(TestSuite.java:255)
	at junit.framework.TestSuite.run(TestSuite.java:250)
	at org.junit.internal.runners.JUnit38ClassRunner.run(JUnit38ClassRunner.java:84)
	at com.gzoltar.lib.instrumentation.testing.junit.a.call(Unknown Source)
	at java.util.concurrent.FutureTask.run(FutureTask.java:266)
	at java.util.concurrent.ThreadPoolExecutor.runWorker(ThreadPoolExecutor.java:1149)
	at java.util.concurrent.ThreadPoolExecutor$Worker.run(ThreadPoolExecutor.java:624)
	at java.lang.Thread.run(Thread.java:748)
[ERROR] Class not found
java.lang.ClassNotFoundException: java.lang.xxx
	at java.lang.ClassLoader.findClass(ClassLoader.java:530)
	at java.lang.ClassLoader.loadClass(ClassLoader.java:424)
	at java.lang.ClassLoader.loadClass(ClassLoader.java:357)
	at com.gzoltar.lib.instrumentation.util.GZoltarClassLoader.loadClass(Unknown Source)
	at java.lang.Class.forName0(Native Method)
	at java.lang.Class.forName(Class.java:264)
	at org.apache.commons.lang3.ClassUtils.convertClassNamesToClasses(ClassUtils.java:359)
	at org.apache.commons.lang3.ClassUtilsTest.test_convertClassNamesToClasses_List(ClassUtilsTest.java:230)
	at sun.reflect.NativeMethodAccessorImpl.invoke0(Native Method)
	at sun.reflect.NativeMethodAccessorImpl.invoke(NativeMethodAccessorImpl.java:62)
	at sun.reflect.DelegatingMethodAccessorImpl.invoke(DelegatingMethodAccessorImpl.java:43)
	at java.lang.reflect.Method.invoke(Method.java:498)
	at junit.framework.TestCase.runTest(TestCase.java:176)
	at junit.framework.TestCase.runBare(TestCase.java:141)
	at junit.framework.TestResult$1.protect(TestResult.java:122)
	at junit.framework.TestResult.runProtected(TestResult.java:142)
	at junit.framework.TestResult.run(TestResult.java:125)
	at junit.framework.TestCase.run(TestCase.java:129)
	at junit.framework.TestSuite.runTest(TestSuite.java:255)
	at junit.framework.TestSuite.run(TestSuite.java:250)
	at org.junit.internal.runners.JUnit38ClassRunner.run(JUnit38ClassRunner.java:84)
	at com.gzoltar.lib.instrumentation.testing.junit.a.call(Unknown Source)
	at java.util.concurrent.FutureTask.run(FutureTask.java:266)
	at java.util.concurrent.ThreadPoolExecutor.runWorker(ThreadPoolExecutor.java:1149)
	at java.util.concurrent.ThreadPoolExecutor$Worker.run(ThreadPoolExecutor.java:624)
	at java.lang.Thread.run(Thread.java:748)
* Finished org.apache.commons.lang3.ClassUtilsTest#test_convertClassNamesToClasses_List
* Started org.apache.commons.lang3.ClassUtilsTest#test_isAssignable_Autoboxing
* Finished org.apache.commons.lang3.ClassUtilsTest#test_isAssignable_Autoboxing
* Started org.apache.commons.lang3.ClassUtilsTest#test_convertClassesToClassNames_List
* Finished org.apache.commons.lang3.ClassUtilsTest#test_convertClassesToClassNames_List
* Started org.apache.commons.lang3.ClassUtilsTest#testGetPublicMethod
* Finished org.apache.commons.lang3.ClassUtilsTest#testGetPublicMethod
* Started org.apache.commons.lang3.ClassUtilsTest#test_getAllInterfaces_Class
* Finished org.apache.commons.lang3.ClassUtilsTest#test_getAllInterfaces_Class
* Started org.apache.commons.lang3.ClassUtilsTest#testConstructor
* Finished org.apache.commons.lang3.ClassUtilsTest#testConstructor
* Started org.apache.commons.lang3.StringEscapeUtilsTest#testUnescapeJava
* Finished org.apache.commons.lang3.StringEscapeUtilsTest#testUnescapeJava
* Started org.apache.commons.lang3.StringEscapeUtilsTest#testStandaloneAmphersand
* Finished org.apache.commons.lang3.StringEscapeUtilsTest#testStandaloneAmphersand
* Started org.apache.commons.lang3.StringEscapeUtilsTest#testUnescapeHtml4
* Finished org.apache.commons.lang3.StringEscapeUtilsTest#testUnescapeHtml4
* Started org.apache.commons.lang3.StringEscapeUtilsTest#testEscapeHtml
* Finished org.apache.commons.lang3.StringEscapeUtilsTest#testEscapeHtml
* Started org.apache.commons.lang3.StringEscapeUtilsTest#testEscapeJava
* Finished org.apache.commons.lang3.StringEscapeUtilsTest#testEscapeJava
* Started org.apache.commons.lang3.StringEscapeUtilsTest#testEscapeJavaWithSlash
* Finished org.apache.commons.lang3.StringEscapeUtilsTest#testEscapeJavaWithSlash
* Started org.apache.commons.lang3.StringEscapeUtilsTest#testLang313
* Finished org.apache.commons.lang3.StringEscapeUtilsTest#testLang313
* Started org.apache.commons.lang3.StringEscapeUtilsTest#testEscapeEcmaScript
* Finished org.apache.commons.lang3.StringEscapeUtilsTest#testEscapeEcmaScript
* Started org.apache.commons.lang3.StringEscapeUtilsTest#testEscapeCsvString
* Finished org.apache.commons.lang3.StringEscapeUtilsTest#testEscapeCsvString
* Started org.apache.commons.lang3.StringEscapeUtilsTest#testEscapeCsvWriter
* Finished org.apache.commons.lang3.StringEscapeUtilsTest#testEscapeCsvWriter
* Started org.apache.commons.lang3.StringEscapeUtilsTest#testEscapeHtmlHighUnicode
* Finished org.apache.commons.lang3.StringEscapeUtilsTest#testEscapeHtmlHighUnicode
* Started org.apache.commons.lang3.StringEscapeUtilsTest#testUnescapeHexCharsHtml
* Finished org.apache.commons.lang3.StringEscapeUtilsTest#testUnescapeHexCharsHtml
* Started org.apache.commons.lang3.StringEscapeUtilsTest#testUnescapeCsvString
* Finished org.apache.commons.lang3.StringEscapeUtilsTest#testUnescapeCsvString
* Started org.apache.commons.lang3.StringEscapeUtilsTest#testUnescapeCsvWriter
* Finished org.apache.commons.lang3.StringEscapeUtilsTest#testUnescapeCsvWriter
* Started org.apache.commons.lang3.StringEscapeUtilsTest#testEscapeHtmlVersions
* Finished org.apache.commons.lang3.StringEscapeUtilsTest#testEscapeHtmlVersions
* Started org.apache.commons.lang3.StringEscapeUtilsTest#testUnescapeUnknownEntity
* Finished org.apache.commons.lang3.StringEscapeUtilsTest#testUnescapeUnknownEntity
* Started org.apache.commons.lang3.StringEscapeUtilsTest#testEscapeHiragana
* Finished org.apache.commons.lang3.StringEscapeUtilsTest#testEscapeHiragana
* Started org.apache.commons.lang3.StringEscapeUtilsTest#testEscapeXml
* Finished org.apache.commons.lang3.StringEscapeUtilsTest#testEscapeXml
* Started org.apache.commons.lang3.StringEscapeUtilsTest#testConstructor
* Finished org.apache.commons.lang3.StringEscapeUtilsTest#testConstructor
* Started org.apache.commons.lang3.CharSetTest#testConstructor_String_oddDash
* Finished org.apache.commons.lang3.CharSetTest#testConstructor_String_oddDash
* Started org.apache.commons.lang3.CharSetTest#testSerialization
* Finished org.apache.commons.lang3.CharSetTest#testSerialization
* Started org.apache.commons.lang3.CharSetTest#testClass
* Finished org.apache.commons.lang3.CharSetTest#testClass
* Started org.apache.commons.lang3.CharSetTest#testConstructor_String_simple
* Finished org.apache.commons.lang3.CharSetTest#testConstructor_String_simple
* Started org.apache.commons.lang3.CharSetTest#testEquals_Object
* Finished org.apache.commons.lang3.CharSetTest#testEquals_Object
* Started org.apache.commons.lang3.CharSetTest#testContains_Char
* Finished org.apache.commons.lang3.CharSetTest#testContains_Char
* Started org.apache.commons.lang3.CharSetTest#testConstructor_String_combo
* Finished org.apache.commons.lang3.CharSetTest#testConstructor_String_combo
* Started org.apache.commons.lang3.CharSetTest#testConstructor_String_oddCombinations
* Finished org.apache.commons.lang3.CharSetTest#testConstructor_String_oddCombinations
* Started org.apache.commons.lang3.CharSetTest#testConstructor_String_comboNegated
* Finished org.apache.commons.lang3.CharSetTest#testConstructor_String_comboNegated
* Started org.apache.commons.lang3.CharSetTest#testHashCode
* Finished org.apache.commons.lang3.CharSetTest#testHashCode
* Started org.apache.commons.lang3.CharSetTest#testGetInstance_Stringarray
* Finished org.apache.commons.lang3.CharSetTest#testGetInstance_Stringarray
* Started org.apache.commons.lang3.CharSetTest#testConstructor_String_oddNegate
* Finished org.apache.commons.lang3.CharSetTest#testConstructor_String_oddNegate
* Started org.apache.commons.lang3.CharSetTest#testGetInstance
* Finished org.apache.commons.lang3.CharSetTest#testGetInstance
* Started org.apache.commons.lang3.CharSetTest#testStatics
* Finished org.apache.commons.lang3.CharSetTest#testStatics
* Started org.apache.commons.lang3.text.StrBuilderTest#testAsTokenizer
* Finished org.apache.commons.lang3.text.StrBuilderTest#testAsTokenizer
* Started org.apache.commons.lang3.text.StrBuilderTest#testDeleteFirst_StrMatcher
* Finished org.apache.commons.lang3.text.StrBuilderTest#testDeleteFirst_StrMatcher
* Started org.apache.commons.lang3.text.StrBuilderTest#testReplaceFirst_StrMatcher_String
* Finished org.apache.commons.lang3.text.StrBuilderTest#testReplaceFirst_StrMatcher_String
* Started org.apache.commons.lang3.text.StrBuilderTest#testDeleteAll_String
* Finished org.apache.commons.lang3.text.StrBuilderTest#testDeleteAll_String
* Started org.apache.commons.lang3.text.StrBuilderTest#testEndsWith
* Finished org.apache.commons.lang3.text.StrBuilderTest#testEndsWith
* Started org.apache.commons.lang3.text.StrBuilderTest#testGetSetNullText
* Finished org.apache.commons.lang3.text.StrBuilderTest#testGetSetNullText
* Started org.apache.commons.lang3.text.StrBuilderTest#testIndexOfLang294
* Finished org.apache.commons.lang3.text.StrBuilderTest#testIndexOfLang294
* Started org.apache.commons.lang3.text.StrBuilderTest#testSubSequenceIntInt
* Finished org.apache.commons.lang3.text.StrBuilderTest#testSubSequenceIntInt
* Started org.apache.commons.lang3.text.StrBuilderTest#testGetChars
* Finished org.apache.commons.lang3.text.StrBuilderTest#testGetChars
* Started org.apache.commons.lang3.text.StrBuilderTest#testLastIndexOf_String
* Finished org.apache.commons.lang3.text.StrBuilderTest#testLastIndexOf_String
* Started org.apache.commons.lang3.text.StrBuilderTest#testDeleteAll_char
* Finished org.apache.commons.lang3.text.StrBuilderTest#testDeleteAll_char
* Started org.apache.commons.lang3.text.StrBuilderTest#testReplace_StrMatcher_String_int_int_int_VaryEndIndex
* Finished org.apache.commons.lang3.text.StrBuilderTest#testReplace_StrMatcher_String_int_int_int_VaryEndIndex
* Started org.apache.commons.lang3.text.StrBuilderTest#testLastIndexOf_char_int
* Finished org.apache.commons.lang3.text.StrBuilderTest#testLastIndexOf_char_int
* Started org.apache.commons.lang3.text.StrBuilderTest#testClear
* Finished org.apache.commons.lang3.text.StrBuilderTest#testClear
* Started org.apache.commons.lang3.text.StrBuilderTest#testSize
* Finished org.apache.commons.lang3.text.StrBuilderTest#testSize
* Started org.apache.commons.lang3.text.StrBuilderTest#testTrim
* Finished org.apache.commons.lang3.text.StrBuilderTest#testTrim
* Started org.apache.commons.lang3.text.StrBuilderTest#testRightString
* Finished org.apache.commons.lang3.text.StrBuilderTest#testRightString
* Started org.apache.commons.lang3.text.StrBuilderTest#testToString
* Finished org.apache.commons.lang3.text.StrBuilderTest#testToString
* Started org.apache.commons.lang3.text.StrBuilderTest#testConstructors
* Finished org.apache.commons.lang3.text.StrBuilderTest#testConstructors
* Started org.apache.commons.lang3.text.StrBuilderTest#testMinimizeCapacity
* Finished org.apache.commons.lang3.text.StrBuilderTest#testMinimizeCapacity
* Started org.apache.commons.lang3.text.StrBuilderTest#testSubstringIntInt
* Finished org.apache.commons.lang3.text.StrBuilderTest#testSubstringIntInt
* Started org.apache.commons.lang3.text.StrBuilderTest#testLang412Left
* Finished org.apache.commons.lang3.text.StrBuilderTest#testLang412Left
* Started org.apache.commons.lang3.text.StrBuilderTest#testContains_String
* Finished org.apache.commons.lang3.text.StrBuilderTest#testContains_String
* Started org.apache.commons.lang3.text.StrBuilderTest#testEqualsIgnoreCase
* Finished org.apache.commons.lang3.text.StrBuilderTest#testEqualsIgnoreCase
* Started org.apache.commons.lang3.text.StrBuilderTest#testCapacityAndLength
* Finished org.apache.commons.lang3.text.StrBuilderTest#testCapacityAndLength
* Started org.apache.commons.lang3.text.StrBuilderTest#testAsReader
* Finished org.apache.commons.lang3.text.StrBuilderTest#testAsReader
* Started org.apache.commons.lang3.text.StrBuilderTest#testReplaceAll_String_String
* Finished org.apache.commons.lang3.text.StrBuilderTest#testReplaceAll_String_String
* Started org.apache.commons.lang3.text.StrBuilderTest#testAsWriter
* Finished org.apache.commons.lang3.text.StrBuilderTest#testAsWriter
* Started org.apache.commons.lang3.text.StrBuilderTest#testLang294
* Finished org.apache.commons.lang3.text.StrBuilderTest#testLang294
* Started org.apache.commons.lang3.text.StrBuilderTest#testLang295
* Finished org.apache.commons.lang3.text.StrBuilderTest#testLang295
* Started org.apache.commons.lang3.text.StrBuilderTest#testReplaceAll_char_char
* Finished org.apache.commons.lang3.text.StrBuilderTest#testReplaceAll_char_char
* Started org.apache.commons.lang3.text.StrBuilderTest#testLastIndexOf_String_int
* Finished org.apache.commons.lang3.text.StrBuilderTest#testLastIndexOf_String_int
* Started org.apache.commons.lang3.text.StrBuilderTest#testDeleteCharAt
* Finished org.apache.commons.lang3.text.StrBuilderTest#testDeleteCharAt
* Started org.apache.commons.lang3.text.StrBuilderTest#testReplaceFirst_String_String
* Finished org.apache.commons.lang3.text.StrBuilderTest#testReplaceFirst_String_String
* Started org.apache.commons.lang3.text.StrBuilderTest#testContains_char
* Finished org.apache.commons.lang3.text.StrBuilderTest#testContains_char
* Started org.apache.commons.lang3.text.StrBuilderTest#testDeleteIntInt
* Finished org.apache.commons.lang3.text.StrBuilderTest#testDeleteIntInt
* Started org.apache.commons.lang3.text.StrBuilderTest#testReplace_StrMatcher_String_int_int_int_VaryCount
* Finished org.apache.commons.lang3.text.StrBuilderTest#testReplace_StrMatcher_String_int_int_int_VaryCount
* Started org.apache.commons.lang3.text.StrBuilderTest#testReplaceFirst_char_char
* Finished org.apache.commons.lang3.text.StrBuilderTest#testReplaceFirst_char_char
* Started org.apache.commons.lang3.text.StrBuilderTest#testIndexOf_char
* Finished org.apache.commons.lang3.text.StrBuilderTest#testIndexOf_char
* Started org.apache.commons.lang3.text.StrBuilderTest#testReplace_int_int_String
* Finished org.apache.commons.lang3.text.StrBuilderTest#testReplace_int_int_String
* Started org.apache.commons.lang3.text.StrBuilderTest#testToCharArray
* Finished org.apache.commons.lang3.text.StrBuilderTest#testToCharArray
* Started org.apache.commons.lang3.text.StrBuilderTest#testLastIndexOf_StrMatcher
* Finished org.apache.commons.lang3.text.StrBuilderTest#testLastIndexOf_StrMatcher
* Started org.apache.commons.lang3.text.StrBuilderTest#testIndexOf_StrMatcher_int
* Finished org.apache.commons.lang3.text.StrBuilderTest#testIndexOf_StrMatcher_int
* Started org.apache.commons.lang3.text.StrBuilderTest#testEnsureCapacity
* Finished org.apache.commons.lang3.text.StrBuilderTest#testEnsureCapacity
* Started org.apache.commons.lang3.text.StrBuilderTest#testLang412Right
* Finished org.apache.commons.lang3.text.StrBuilderTest#testLang412Right
* Started org.apache.commons.lang3.text.StrBuilderTest#testDeleteFirst_String
* Finished org.apache.commons.lang3.text.StrBuilderTest#testDeleteFirst_String
* Started org.apache.commons.lang3.text.StrBuilderTest#testMidString
* Finished org.apache.commons.lang3.text.StrBuilderTest#testMidString
* Started org.apache.commons.lang3.text.StrBuilderTest#testReplaceAll_StrMatcher_String
* Finished org.apache.commons.lang3.text.StrBuilderTest#testReplaceAll_StrMatcher_String
* Started org.apache.commons.lang3.text.StrBuilderTest#testCapacity
* Finished org.apache.commons.lang3.text.StrBuilderTest#testCapacity
* Started org.apache.commons.lang3.text.StrBuilderTest#testReverse
* Finished org.apache.commons.lang3.text.StrBuilderTest#testReverse
* Started org.apache.commons.lang3.text.StrBuilderTest#testSetCharAt
* Finished org.apache.commons.lang3.text.StrBuilderTest#testSetCharAt
* Started org.apache.commons.lang3.text.StrBuilderTest#testReplace_StrMatcher_String_int_int_int_VaryStartIndex
* Finished org.apache.commons.lang3.text.StrBuilderTest#testReplace_StrMatcher_String_int_int_int_VaryStartIndex
* Started org.apache.commons.lang3.text.StrBuilderTest#testHashCode
* Finished org.apache.commons.lang3.text.StrBuilderTest#testHashCode
* Started org.apache.commons.lang3.text.StrBuilderTest#testSubstringInt
* Finished org.apache.commons.lang3.text.StrBuilderTest#testSubstringInt
* Started org.apache.commons.lang3.text.StrBuilderTest#testSetLength
* Finished org.apache.commons.lang3.text.StrBuilderTest#testSetLength
* Started org.apache.commons.lang3.text.StrBuilderTest#testCharAt
* Finished org.apache.commons.lang3.text.StrBuilderTest#testCharAt
* Started org.apache.commons.lang3.text.StrBuilderTest#testReplace_StrMatcher_String_int_int_int_VaryMatcher
* Finished org.apache.commons.lang3.text.StrBuilderTest#testReplace_StrMatcher_String_int_int_int_VaryMatcher
* Started org.apache.commons.lang3.text.StrBuilderTest#testEquals
* Finished org.apache.commons.lang3.text.StrBuilderTest#testEquals
* Started org.apache.commons.lang3.text.StrBuilderTest#testLastIndexOf_char
* Finished org.apache.commons.lang3.text.StrBuilderTest#testLastIndexOf_char
* Started org.apache.commons.lang3.text.StrBuilderTest#testLeftString
* Finished org.apache.commons.lang3.text.StrBuilderTest#testLeftString
* Started org.apache.commons.lang3.text.StrBuilderTest#testIndexOf_String_int
* Finished org.apache.commons.lang3.text.StrBuilderTest#testIndexOf_String_int
* Started org.apache.commons.lang3.text.StrBuilderTest#testContains_StrMatcher
* Finished org.apache.commons.lang3.text.StrBuilderTest#testContains_StrMatcher
* Started org.apache.commons.lang3.text.StrBuilderTest#testLength
* Finished org.apache.commons.lang3.text.StrBuilderTest#testLength
* Started org.apache.commons.lang3.text.StrBuilderTest#testReplace_StrMatcher_String_int_int_int_VaryReplace
* Finished org.apache.commons.lang3.text.StrBuilderTest#testReplace_StrMatcher_String_int_int_int_VaryReplace
* Started org.apache.commons.lang3.text.StrBuilderTest#testDeleteFirst_char
* Finished org.apache.commons.lang3.text.StrBuilderTest#testDeleteFirst_char
* Started org.apache.commons.lang3.text.StrBuilderTest#testDeleteAll_StrMatcher
* Finished org.apache.commons.lang3.text.StrBuilderTest#testDeleteAll_StrMatcher
* Started org.apache.commons.lang3.text.StrBuilderTest#testIsEmpty
* Finished org.apache.commons.lang3.text.StrBuilderTest#testIsEmpty
* Started org.apache.commons.lang3.text.StrBuilderTest#testToCharArrayIntInt
* Finished org.apache.commons.lang3.text.StrBuilderTest#testToCharArrayIntInt
* Started org.apache.commons.lang3.text.StrBuilderTest#testGetSetNewLineText
* Finished org.apache.commons.lang3.text.StrBuilderTest#testGetSetNewLineText
* Started org.apache.commons.lang3.text.StrBuilderTest#testToStringBuffer
* Finished org.apache.commons.lang3.text.StrBuilderTest#testToStringBuffer
* Started org.apache.commons.lang3.text.StrBuilderTest#testIndexOf_String
* Finished org.apache.commons.lang3.text.StrBuilderTest#testIndexOf_String
* Started org.apache.commons.lang3.text.StrBuilderTest#testIndexOf_char_int
* Finished org.apache.commons.lang3.text.StrBuilderTest#testIndexOf_char_int
* Started org.apache.commons.lang3.text.StrBuilderTest#testGetCharsIntIntCharArrayInt
* Finished org.apache.commons.lang3.text.StrBuilderTest#testGetCharsIntIntCharArrayInt
* Started org.apache.commons.lang3.text.StrBuilderTest#testStartsWith
* Finished org.apache.commons.lang3.text.StrBuilderTest#testStartsWith
* Started org.apache.commons.lang3.text.StrBuilderTest#testIndexOf_StrMatcher
* Finished org.apache.commons.lang3.text.StrBuilderTest#testIndexOf_StrMatcher
* Started org.apache.commons.lang3.text.StrBuilderTest#testLastIndexOf_StrMatcher_int
* Finished org.apache.commons.lang3.text.StrBuilderTest#testLastIndexOf_StrMatcher_int
* Started org.apache.commons.lang3.text.StrBuilderTest#testChaining
* Finished org.apache.commons.lang3.text.StrBuilderTest#testChaining
* Started org.apache.commons.lang3.text.StrTokenizerTest#testCSVSimple
* Finished org.apache.commons.lang3.text.StrTokenizerTest#testCSVSimple
* Started org.apache.commons.lang3.text.StrTokenizerTest#testBasicDelim1
* Finished org.apache.commons.lang3.text.StrTokenizerTest#testBasicDelim1
* Started org.apache.commons.lang3.text.StrTokenizerTest#testBasicDelim2
* Finished org.apache.commons.lang3.text.StrTokenizerTest#testBasicDelim2
* Started org.apache.commons.lang3.text.StrTokenizerTest#testBasicEmpty1
* Finished org.apache.commons.lang3.text.StrTokenizerTest#testBasicEmpty1
* Started org.apache.commons.lang3.text.StrTokenizerTest#testBasicEmpty2
* Finished org.apache.commons.lang3.text.StrTokenizerTest#testBasicEmpty2
* Started org.apache.commons.lang3.text.StrTokenizerTest#testConstructor_charArray_char
* Finished org.apache.commons.lang3.text.StrTokenizerTest#testConstructor_charArray_char
* Started org.apache.commons.lang3.text.StrTokenizerTest#testTSV
* Finished org.apache.commons.lang3.text.StrTokenizerTest#testTSV
* Started org.apache.commons.lang3.text.StrTokenizerTest#testIteration
* Finished org.apache.commons.lang3.text.StrTokenizerTest#testIteration
* Started org.apache.commons.lang3.text.StrTokenizerTest#testConstructor_String_char_char
* Finished org.apache.commons.lang3.text.StrTokenizerTest#testConstructor_String_char_char
* Started org.apache.commons.lang3.text.StrTokenizerTest#testReset
* Finished org.apache.commons.lang3.text.StrTokenizerTest#testReset
* Started org.apache.commons.lang3.text.StrTokenizerTest#testReset_charArray
* Finished org.apache.commons.lang3.text.StrTokenizerTest#testReset_charArray
* Started org.apache.commons.lang3.text.StrTokenizerTest#testToString
* Finished org.apache.commons.lang3.text.StrTokenizerTest#testToString
* Started org.apache.commons.lang3.text.StrTokenizerTest#testTokenizeSubclassOutputChange
* Finished org.apache.commons.lang3.text.StrTokenizerTest#testTokenizeSubclassOutputChange
* Started org.apache.commons.lang3.text.StrTokenizerTest#testListArray
* Finished org.apache.commons.lang3.text.StrTokenizerTest#testListArray
* Started org.apache.commons.lang3.text.StrTokenizerTest#testBasicQuoted1
* Finished org.apache.commons.lang3.text.StrTokenizerTest#testBasicQuoted1
* Started org.apache.commons.lang3.text.StrTokenizerTest#testBasicQuoted2
* Finished org.apache.commons.lang3.text.StrTokenizerTest#testBasicQuoted2
* Started org.apache.commons.lang3.text.StrTokenizerTest#testBasicQuoted3
* Finished org.apache.commons.lang3.text.StrTokenizerTest#testBasicQuoted3
* Started org.apache.commons.lang3.text.StrTokenizerTest#testBasicQuoted4
* Finished org.apache.commons.lang3.text.StrTokenizerTest#testBasicQuoted4
* Started org.apache.commons.lang3.text.StrTokenizerTest#testBasicQuoted5
* Finished org.apache.commons.lang3.text.StrTokenizerTest#testBasicQuoted5
* Started org.apache.commons.lang3.text.StrTokenizerTest#testBasicQuoted6
* Finished org.apache.commons.lang3.text.StrTokenizerTest#testBasicQuoted6
* Started org.apache.commons.lang3.text.StrTokenizerTest#testBasicQuoted7
* Finished org.apache.commons.lang3.text.StrTokenizerTest#testBasicQuoted7
* Started org.apache.commons.lang3.text.StrTokenizerTest#testCloneNotSupportedException
* Finished org.apache.commons.lang3.text.StrTokenizerTest#testCloneNotSupportedException
* Started org.apache.commons.lang3.text.StrTokenizerTest#testReset_String
* Finished org.apache.commons.lang3.text.StrTokenizerTest#testReset_String
* Started org.apache.commons.lang3.text.StrTokenizerTest#testTSVEmpty
* Finished org.apache.commons.lang3.text.StrTokenizerTest#testTSVEmpty
* Started org.apache.commons.lang3.text.StrTokenizerTest#testConstructor_String
* Finished org.apache.commons.lang3.text.StrTokenizerTest#testConstructor_String
* Started org.apache.commons.lang3.text.StrTokenizerTest#testCloneNull
* Finished org.apache.commons.lang3.text.StrTokenizerTest#testCloneNull
* Started org.apache.commons.lang3.text.StrTokenizerTest#test1
* Finished org.apache.commons.lang3.text.StrTokenizerTest#test1
* Started org.apache.commons.lang3.text.StrTokenizerTest#test2
* Finished org.apache.commons.lang3.text.StrTokenizerTest#test2
* Started org.apache.commons.lang3.text.StrTokenizerTest#test3
* Finished org.apache.commons.lang3.text.StrTokenizerTest#test3
* Started org.apache.commons.lang3.text.StrTokenizerTest#test4
* Finished org.apache.commons.lang3.text.StrTokenizerTest#test4
* Started org.apache.commons.lang3.text.StrTokenizerTest#test5
* Finished org.apache.commons.lang3.text.StrTokenizerTest#test5
* Started org.apache.commons.lang3.text.StrTokenizerTest#test6
* Finished org.apache.commons.lang3.text.StrTokenizerTest#test6
* Started org.apache.commons.lang3.text.StrTokenizerTest#test7
* Finished org.apache.commons.lang3.text.StrTokenizerTest#test7
* Started org.apache.commons.lang3.text.StrTokenizerTest#test8
* Finished org.apache.commons.lang3.text.StrTokenizerTest#test8
* Started org.apache.commons.lang3.text.StrTokenizerTest#testConstructor_String_char
* Finished org.apache.commons.lang3.text.StrTokenizerTest#testConstructor_String_char
* Started org.apache.commons.lang3.text.StrTokenizerTest#testTokenizeSubclassInputChange
* Finished org.apache.commons.lang3.text.StrTokenizerTest#testTokenizeSubclassInputChange
* Started org.apache.commons.lang3.text.StrTokenizerTest#testCSVEmpty
* Finished org.apache.commons.lang3.text.StrTokenizerTest#testCSVEmpty
* Started org.apache.commons.lang3.text.StrTokenizerTest#testConstructor_charArray
* Finished org.apache.commons.lang3.text.StrTokenizerTest#testConstructor_charArray
* Started org.apache.commons.lang3.text.StrTokenizerTest#testConstructor_charArray_char_char
* Finished org.apache.commons.lang3.text.StrTokenizerTest#testConstructor_charArray_char_char
* Started org.apache.commons.lang3.text.StrTokenizerTest#testCSVSimpleNeedsTrim
* Finished org.apache.commons.lang3.text.StrTokenizerTest#testCSVSimpleNeedsTrim
* Started org.apache.commons.lang3.text.StrTokenizerTest#testBasicIgnoreTrimmed1
* Finished org.apache.commons.lang3.text.StrTokenizerTest#testBasicIgnoreTrimmed1
* Started org.apache.commons.lang3.text.StrTokenizerTest#testBasicIgnoreTrimmed2
* Finished org.apache.commons.lang3.text.StrTokenizerTest#testBasicIgnoreTrimmed2
* Started org.apache.commons.lang3.text.StrTokenizerTest#testBasicIgnoreTrimmed3
* Finished org.apache.commons.lang3.text.StrTokenizerTest#testBasicIgnoreTrimmed3
* Started org.apache.commons.lang3.text.StrTokenizerTest#testBasicIgnoreTrimmed4
* Finished org.apache.commons.lang3.text.StrTokenizerTest#testBasicIgnoreTrimmed4
* Started org.apache.commons.lang3.text.StrTokenizerTest#testBasicQuotedTrimmed1
* Finished org.apache.commons.lang3.text.StrTokenizerTest#testBasicQuotedTrimmed1
* Started org.apache.commons.lang3.text.StrTokenizerTest#testBasic1
* Finished org.apache.commons.lang3.text.StrTokenizerTest#testBasic1
* Started org.apache.commons.lang3.text.StrTokenizerTest#testBasic2
* Finished org.apache.commons.lang3.text.StrTokenizerTest#testBasic2
* Started org.apache.commons.lang3.text.StrTokenizerTest#testBasic3
* Finished org.apache.commons.lang3.text.StrTokenizerTest#testBasic3
* Started org.apache.commons.lang3.text.StrTokenizerTest#testBasic4
* Finished org.apache.commons.lang3.text.StrTokenizerTest#testBasic4
* Started org.apache.commons.lang3.text.StrTokenizerTest#testBasic5
* Finished org.apache.commons.lang3.text.StrTokenizerTest#testBasic5
* Started org.apache.commons.lang3.text.StrTokenizerTest#testGetContent
* Finished org.apache.commons.lang3.text.StrTokenizerTest#testGetContent
* Started org.apache.commons.lang3.text.StrTokenizerTest#testCloneReset
* Finished org.apache.commons.lang3.text.StrTokenizerTest#testCloneReset
* Started org.apache.commons.lang3.text.StrTokenizerTest#testBasicTrimmed1
* Finished org.apache.commons.lang3.text.StrTokenizerTest#testBasicTrimmed1
* Started org.apache.commons.lang3.text.StrTokenizerTest#testBasicTrimmed2
* Finished org.apache.commons.lang3.text.StrTokenizerTest#testBasicTrimmed2
* Started org.apache.commons.lang3.text.StrTokenizerTest#testChaining
* Finished org.apache.commons.lang3.text.StrTokenizerTest#testChaining
* Started org.apache.commons.lang3.CharEncodingTest#testMustBeSupportedJava1_3_1
* Finished org.apache.commons.lang3.CharEncodingTest#testMustBeSupportedJava1_3_1
* Started org.apache.commons.lang3.CharEncodingTest#testNotSupported
* Finished org.apache.commons.lang3.CharEncodingTest#testNotSupported
* Started org.apache.commons.lang3.CharEncodingTest#testWorksOnJava1_1_8
* Finished org.apache.commons.lang3.CharEncodingTest#testWorksOnJava1_1_8
* Started org.apache.commons.lang3.CharEncodingTest#testWorksOnJava1_2_2
* Finished org.apache.commons.lang3.CharEncodingTest#testWorksOnJava1_2_2
* Started org.apache.commons.lang3.CharEncodingTest#testConstructor
* Finished org.apache.commons.lang3.CharEncodingTest#testConstructor
* Started org.apache.commons.lang3.builder.ReflectionToStringBuilderExcludeTest#test_toStringExcludeEmptyCollection
* Finished org.apache.commons.lang3.builder.ReflectionToStringBuilderExcludeTest#test_toStringExcludeEmptyCollection
* Started org.apache.commons.lang3.builder.ReflectionToStringBuilderExcludeTest#test_toStringExcludeArrayWithNull
* Finished org.apache.commons.lang3.builder.ReflectionToStringBuilderExcludeTest#test_toStringExcludeArrayWithNull
* Started org.apache.commons.lang3.builder.ReflectionToStringBuilderExcludeTest#test_toStringExcludeArray
* Finished org.apache.commons.lang3.builder.ReflectionToStringBuilderExcludeTest#test_toStringExcludeArray
* Started org.apache.commons.lang3.builder.ReflectionToStringBuilderExcludeTest#test_toStringExcludeNullCollection
* Finished org.apache.commons.lang3.builder.ReflectionToStringBuilderExcludeTest#test_toStringExcludeNullCollection
* Started org.apache.commons.lang3.builder.ReflectionToStringBuilderExcludeTest#test_toStringExcludeCollection
* Finished org.apache.commons.lang3.builder.ReflectionToStringBuilderExcludeTest#test_toStringExcludeCollection
* Started org.apache.commons.lang3.builder.ReflectionToStringBuilderExcludeTest#test_toStringExcludeNullArray
* Finished org.apache.commons.lang3.builder.ReflectionToStringBuilderExcludeTest#test_toStringExcludeNullArray
* Started org.apache.commons.lang3.builder.ReflectionToStringBuilderExcludeTest#test_toStringExcludeEmptyArray
* Finished org.apache.commons.lang3.builder.ReflectionToStringBuilderExcludeTest#test_toStringExcludeEmptyArray
* Started org.apache.commons.lang3.builder.ReflectionToStringBuilderExcludeTest#test_toStringExclude
* Finished org.apache.commons.lang3.builder.ReflectionToStringBuilderExcludeTest#test_toStringExclude
* Started org.apache.commons.lang3.builder.ReflectionToStringBuilderExcludeTest#test_toStringExcludeCollectionWithNulls
* Finished org.apache.commons.lang3.builder.ReflectionToStringBuilderExcludeTest#test_toStringExcludeCollectionWithNulls
* Started org.apache.commons.lang3.builder.ReflectionToStringBuilderExcludeTest#test_toStringExcludeArrayWithNulls
* Finished org.apache.commons.lang3.builder.ReflectionToStringBuilderExcludeTest#test_toStringExcludeArrayWithNulls
* Started org.apache.commons.lang3.builder.ReflectionToStringBuilderExcludeTest#test_toStringExcludeCollectionWithNull
* Finished org.apache.commons.lang3.builder.ReflectionToStringBuilderExcludeTest#test_toStringExcludeCollectionWithNull
* Started org.apache.commons.lang3.exception.ExceptionUtilsTest#testIndexOfType_ThrowableClass
* Finished org.apache.commons.lang3.exception.ExceptionUtilsTest#testIndexOfType_ThrowableClass
* Started org.apache.commons.lang3.exception.ExceptionUtilsTest#test_getRootCauseMessage_Throwable
* Finished org.apache.commons.lang3.exception.ExceptionUtilsTest#test_getRootCauseMessage_Throwable
* Started org.apache.commons.lang3.exception.ExceptionUtilsTest#testIsNestedThrowable_Throwable
* Finished org.apache.commons.lang3.exception.ExceptionUtilsTest#testIsNestedThrowable_Throwable
* Started org.apache.commons.lang3.exception.ExceptionUtilsTest#testGetThrowableList_Throwable_null
* Finished org.apache.commons.lang3.exception.ExceptionUtilsTest#testGetThrowableList_Throwable_null
* Started org.apache.commons.lang3.exception.ExceptionUtilsTest#testGetThrowables_Throwable_nested
* Finished org.apache.commons.lang3.exception.ExceptionUtilsTest#testGetThrowables_Throwable_nested
* Started org.apache.commons.lang3.exception.ExceptionUtilsTest#testGetThrowableList_Throwable_jdkNoCause
* Finished org.apache.commons.lang3.exception.ExceptionUtilsTest#testGetThrowableList_Throwable_jdkNoCause
* Started org.apache.commons.lang3.exception.ExceptionUtilsTest#testGetThrowables_Throwable_null
* Finished org.apache.commons.lang3.exception.ExceptionUtilsTest#testGetThrowables_Throwable_null
* Started org.apache.commons.lang3.exception.ExceptionUtilsTest#testGetThrowableList_Throwable_nested
* Finished org.apache.commons.lang3.exception.ExceptionUtilsTest#testGetThrowableList_Throwable_nested
* Started org.apache.commons.lang3.exception.ExceptionUtilsTest#testGetThrowableList_Throwable_selfCause
* Finished org.apache.commons.lang3.exception.ExceptionUtilsTest#testGetThrowableList_Throwable_selfCause
* Started org.apache.commons.lang3.exception.ExceptionUtilsTest#test_getMessage_Throwable
* Finished org.apache.commons.lang3.exception.ExceptionUtilsTest#test_getMessage_Throwable
* Started org.apache.commons.lang3.exception.ExceptionUtilsTest#testGetThrowables_Throwable_withCause
* Finished org.apache.commons.lang3.exception.ExceptionUtilsTest#testGetThrowables_Throwable_withCause
* Started org.apache.commons.lang3.exception.ExceptionUtilsTest#testGetCause_Throwable
* Finished org.apache.commons.lang3.exception.ExceptionUtilsTest#testGetCause_Throwable
* Started org.apache.commons.lang3.exception.ExceptionUtilsTest#testRemoveCommonFrames_ListList
* Finished org.apache.commons.lang3.exception.ExceptionUtilsTest#testRemoveCommonFrames_ListList
* Started org.apache.commons.lang3.exception.ExceptionUtilsTest#testCauseMethodNameOps
* Finished org.apache.commons.lang3.exception.ExceptionUtilsTest#testCauseMethodNameOps
* Started org.apache.commons.lang3.exception.ExceptionUtilsTest#testPrintRootCauseStackTrace_Throwable
* Finished org.apache.commons.lang3.exception.ExceptionUtilsTest#testPrintRootCauseStackTrace_Throwable
* Started org.apache.commons.lang3.exception.ExceptionUtilsTest#testIndexOf_ThrowableClass
* Finished org.apache.commons.lang3.exception.ExceptionUtilsTest#testIndexOf_ThrowableClass
* Started org.apache.commons.lang3.exception.ExceptionUtilsTest#testPrintRootCauseStackTrace_ThrowableStream
* Finished org.apache.commons.lang3.exception.ExceptionUtilsTest#testPrintRootCauseStackTrace_ThrowableStream
* Started org.apache.commons.lang3.exception.ExceptionUtilsTest#testGetThrowableList_Throwable_withoutCause
* Finished org.apache.commons.lang3.exception.ExceptionUtilsTest#testGetThrowableList_Throwable_withoutCause
* Started org.apache.commons.lang3.exception.ExceptionUtilsTest#testPrintRootCauseStackTrace_ThrowableWriter
* Finished org.apache.commons.lang3.exception.ExceptionUtilsTest#testPrintRootCauseStackTrace_ThrowableWriter
* Started org.apache.commons.lang3.exception.ExceptionUtilsTest#testGetRootCauseStackTrace_Throwable
* Finished org.apache.commons.lang3.exception.ExceptionUtilsTest#testGetRootCauseStackTrace_Throwable
* Started org.apache.commons.lang3.exception.ExceptionUtilsTest#testGetThrowableCount_Throwable
* Finished org.apache.commons.lang3.exception.ExceptionUtilsTest#testGetThrowableCount_Throwable
* Started org.apache.commons.lang3.exception.ExceptionUtilsTest#testGetCause_ThrowableArray
* Finished org.apache.commons.lang3.exception.ExceptionUtilsTest#testGetCause_ThrowableArray
* Started org.apache.commons.lang3.exception.ExceptionUtilsTest#testSetCauseToNull
* Finished org.apache.commons.lang3.exception.ExceptionUtilsTest#testSetCauseToNull
* Started org.apache.commons.lang3.exception.ExceptionUtilsTest#testGetThrowables_Throwable_withoutCause
* Finished org.apache.commons.lang3.exception.ExceptionUtilsTest#testGetThrowables_Throwable_withoutCause
* Started org.apache.commons.lang3.exception.ExceptionUtilsTest#testIndexOf_ThrowableClassInt
* Finished org.apache.commons.lang3.exception.ExceptionUtilsTest#testIndexOf_ThrowableClassInt
* Started org.apache.commons.lang3.exception.ExceptionUtilsTest#testGetThrowables_Throwable_recursiveCause
* Finished org.apache.commons.lang3.exception.ExceptionUtilsTest#testGetThrowables_Throwable_recursiveCause
* Started org.apache.commons.lang3.exception.ExceptionUtilsTest#testIndexOfType_ThrowableClassInt
* Finished org.apache.commons.lang3.exception.ExceptionUtilsTest#testIndexOfType_ThrowableClassInt
* Started org.apache.commons.lang3.exception.ExceptionUtilsTest#testGetThrowableList_Throwable_recursiveCause
* Finished org.apache.commons.lang3.exception.ExceptionUtilsTest#testGetThrowableList_Throwable_recursiveCause
* Started org.apache.commons.lang3.exception.ExceptionUtilsTest#testGetThrowables_Throwable_selfCause
* Finished org.apache.commons.lang3.exception.ExceptionUtilsTest#testGetThrowables_Throwable_selfCause
* Started org.apache.commons.lang3.exception.ExceptionUtilsTest#testGetThrowables_Throwable_jdkNoCause
* Finished org.apache.commons.lang3.exception.ExceptionUtilsTest#testGetThrowables_Throwable_jdkNoCause
* Started org.apache.commons.lang3.exception.ExceptionUtilsTest#testGetThrowableList_Throwable_withCause
* Finished org.apache.commons.lang3.exception.ExceptionUtilsTest#testGetThrowableList_Throwable_withCause
* Started org.apache.commons.lang3.exception.ExceptionUtilsTest#testIsThrowableNested
* Finished org.apache.commons.lang3.exception.ExceptionUtilsTest#testIsThrowableNested
* Started org.apache.commons.lang3.exception.ExceptionUtilsTest#testConstructor
* Finished org.apache.commons.lang3.exception.ExceptionUtilsTest#testConstructor
* Started org.apache.commons.lang3.exception.ExceptionUtilsTest#testGetRootCause_Throwable
* Finished org.apache.commons.lang3.exception.ExceptionUtilsTest#testGetRootCause_Throwable
* Started org.apache.commons.lang3.exception.ExceptionUtilsTest#testSetCause
* Finished org.apache.commons.lang3.exception.ExceptionUtilsTest#testSetCause
* Started org.apache.commons.lang3.BooleanUtilsTest#testXor_primitive_nullInput
* Finished org.apache.commons.lang3.BooleanUtilsTest#testXor_primitive_nullInput
* Started org.apache.commons.lang3.BooleanUtilsTest#test_toStringTrueFalse_boolean
* Finished org.apache.commons.lang3.BooleanUtilsTest#test_toStringTrueFalse_boolean
* Started org.apache.commons.lang3.BooleanUtilsTest#test_toBooleanObject_int
* Finished org.apache.commons.lang3.BooleanUtilsTest#test_toBooleanObject_int
* Started org.apache.commons.lang3.BooleanUtilsTest#testXor_primitive_emptyInput
* Finished org.apache.commons.lang3.BooleanUtilsTest#testXor_primitive_emptyInput
* Started org.apache.commons.lang3.BooleanUtilsTest#test_toBooleanDefaultIfNull_Boolean_boolean
* Finished org.apache.commons.lang3.BooleanUtilsTest#test_toBooleanDefaultIfNull_Boolean_boolean
* Started org.apache.commons.lang3.BooleanUtilsTest#test_toBooleanObject_Integer
* Finished org.apache.commons.lang3.BooleanUtilsTest#test_toBooleanObject_Integer
* Started org.apache.commons.lang3.BooleanUtilsTest#test_toInteger_boolean_int_int
* Finished org.apache.commons.lang3.BooleanUtilsTest#test_toInteger_boolean_int_int
* Started org.apache.commons.lang3.BooleanUtilsTest#test_isNotFalse_Boolean
* Finished org.apache.commons.lang3.BooleanUtilsTest#test_isNotFalse_Boolean
* Started org.apache.commons.lang3.BooleanUtilsTest#test_toBooleanObject_String
* Finished org.apache.commons.lang3.BooleanUtilsTest#test_toBooleanObject_String
* Started org.apache.commons.lang3.BooleanUtilsTest#test_toStringYesNo_boolean
* Finished org.apache.commons.lang3.BooleanUtilsTest#test_toStringYesNo_boolean
* Started org.apache.commons.lang3.BooleanUtilsTest#test_toBooleanObject_Integer_Integer_Integer_Integer
* Finished org.apache.commons.lang3.BooleanUtilsTest#test_toBooleanObject_Integer_Integer_Integer_Integer
* Started org.apache.commons.lang3.BooleanUtilsTest#test_toBoolean_Integer_Integer_Integer
* Finished org.apache.commons.lang3.BooleanUtilsTest#test_toBoolean_Integer_Integer_Integer
* Started org.apache.commons.lang3.BooleanUtilsTest#test_toIntegerObject_Boolean_Integer_Integer_Integer
* Finished org.apache.commons.lang3.BooleanUtilsTest#test_toIntegerObject_Boolean_Integer_Integer_Integer
* Started org.apache.commons.lang3.BooleanUtilsTest#test_toBooleanObject_String_String_String_String
* Finished org.apache.commons.lang3.BooleanUtilsTest#test_toBooleanObject_String_String_String_String
* Started org.apache.commons.lang3.BooleanUtilsTest#test_toStringOnOff_Boolean
* Finished org.apache.commons.lang3.BooleanUtilsTest#test_toStringOnOff_Boolean
* Started org.apache.commons.lang3.BooleanUtilsTest#testXor_object_validInput_2items
* Finished org.apache.commons.lang3.BooleanUtilsTest#testXor_object_validInput_2items
* Started org.apache.commons.lang3.BooleanUtilsTest#testXor_object_validInput_3items
* Finished org.apache.commons.lang3.BooleanUtilsTest#testXor_object_validInput_3items
* Started org.apache.commons.lang3.BooleanUtilsTest#test_toIntegerObject_Boolean
* Finished org.apache.commons.lang3.BooleanUtilsTest#test_toIntegerObject_Boolean
* Started org.apache.commons.lang3.BooleanUtilsTest#test_isNotTrue_Boolean
* Finished org.apache.commons.lang3.BooleanUtilsTest#test_isNotTrue_Boolean
* Started org.apache.commons.lang3.BooleanUtilsTest#test_toBoolean_String
* Finished org.apache.commons.lang3.BooleanUtilsTest#test_toBoolean_String
* Started org.apache.commons.lang3.BooleanUtilsTest#test_toBoolean_int_int_int
* Finished org.apache.commons.lang3.BooleanUtilsTest#test_toBoolean_int_int_int
* Started org.apache.commons.lang3.BooleanUtilsTest#testXor_object_nullElementInput
* Finished org.apache.commons.lang3.BooleanUtilsTest#testXor_object_nullElementInput
* Started org.apache.commons.lang3.BooleanUtilsTest#test_toStringTrueFalse_Boolean
* Finished org.apache.commons.lang3.BooleanUtilsTest#test_toStringTrueFalse_Boolean
* Started org.apache.commons.lang3.BooleanUtilsTest#testXor_object_nullInput
* Finished org.apache.commons.lang3.BooleanUtilsTest#testXor_object_nullInput
* Started org.apache.commons.lang3.BooleanUtilsTest#test_toStringYesNo_Boolean
* Finished org.apache.commons.lang3.BooleanUtilsTest#test_toStringYesNo_Boolean
* Started org.apache.commons.lang3.BooleanUtilsTest#test_isFalse_Boolean
* Finished org.apache.commons.lang3.BooleanUtilsTest#test_isFalse_Boolean
* Started org.apache.commons.lang3.BooleanUtilsTest#test_toBoolean_int
* Finished org.apache.commons.lang3.BooleanUtilsTest#test_toBoolean_int
* Started org.apache.commons.lang3.BooleanUtilsTest#test_toInteger_boolean
* Finished org.apache.commons.lang3.BooleanUtilsTest#test_toInteger_boolean
* Started org.apache.commons.lang3.BooleanUtilsTest#test_toBoolean_Boolean
* Finished org.apache.commons.lang3.BooleanUtilsTest#test_toBoolean_Boolean
* Started org.apache.commons.lang3.BooleanUtilsTest#test_toIntegerObject_boolean_Integer_Integer
* Finished org.apache.commons.lang3.BooleanUtilsTest#test_toIntegerObject_boolean_Integer_Integer
* Started org.apache.commons.lang3.BooleanUtilsTest#test_isTrue_Boolean
* Finished org.apache.commons.lang3.BooleanUtilsTest#test_isTrue_Boolean
* Started org.apache.commons.lang3.BooleanUtilsTest#testXor_primitive_validInput_2items
* Finished org.apache.commons.lang3.BooleanUtilsTest#testXor_primitive_validInput_2items
* Started org.apache.commons.lang3.BooleanUtilsTest#testXor_primitive_validInput_3items
* Finished org.apache.commons.lang3.BooleanUtilsTest#testXor_primitive_validInput_3items
* Started org.apache.commons.lang3.BooleanUtilsTest#testXor_object_emptyInput
* Finished org.apache.commons.lang3.BooleanUtilsTest#testXor_object_emptyInput
* Started org.apache.commons.lang3.BooleanUtilsTest#test_toBoolean_String_String_String
* Finished org.apache.commons.lang3.BooleanUtilsTest#test_toBoolean_String_String_String
* Started org.apache.commons.lang3.BooleanUtilsTest#test_toInteger_Boolean_int_int_int
* Finished org.apache.commons.lang3.BooleanUtilsTest#test_toInteger_Boolean_int_int_int
* Started org.apache.commons.lang3.BooleanUtilsTest#test_negate_Boolean
* Finished org.apache.commons.lang3.BooleanUtilsTest#test_negate_Boolean
* Started org.apache.commons.lang3.BooleanUtilsTest#test_toString_Boolean_String_String_String
* Finished org.apache.commons.lang3.BooleanUtilsTest#test_toString_Boolean_String_String_String
* Started org.apache.commons.lang3.BooleanUtilsTest#test_toStringOnOff_boolean
* Finished org.apache.commons.lang3.BooleanUtilsTest#test_toStringOnOff_boolean
* Started org.apache.commons.lang3.BooleanUtilsTest#test_toBooleanObject_int_int_int
* Finished org.apache.commons.lang3.BooleanUtilsTest#test_toBooleanObject_int_int_int
* Started org.apache.commons.lang3.BooleanUtilsTest#test_toIntegerObject_boolean
* Finished org.apache.commons.lang3.BooleanUtilsTest#test_toIntegerObject_boolean
* Started org.apache.commons.lang3.BooleanUtilsTest#test_toString_boolean_String_String_String
* Finished org.apache.commons.lang3.BooleanUtilsTest#test_toString_boolean_String_String_String
* Started org.apache.commons.lang3.BooleanUtilsTest#testConstructor
* Finished org.apache.commons.lang3.BooleanUtilsTest#testConstructor
* Started org.apache.commons.lang3.ArrayUtilsTest#testToPrimitive_double_double
* Finished org.apache.commons.lang3.ArrayUtilsTest#testToPrimitive_double_double
* Started org.apache.commons.lang3.ArrayUtilsTest#testSubarrayBoolean
* Finished org.apache.commons.lang3.ArrayUtilsTest#testSubarrayBoolean
* Started org.apache.commons.lang3.ArrayUtilsTest#testToPrimitive_float
* Finished org.apache.commons.lang3.ArrayUtilsTest#testToPrimitive_float
* Started org.apache.commons.lang3.ArrayUtilsTest#testToPrimitive_short
* Finished org.apache.commons.lang3.ArrayUtilsTest#testToPrimitive_short
* Started org.apache.commons.lang3.ArrayUtilsTest#testContainsDoubleTolerance
* Finished org.apache.commons.lang3.ArrayUtilsTest#testContainsDoubleTolerance
* Started org.apache.commons.lang3.ArrayUtilsTest#testToPrimitive_byte_byte
* Finished org.apache.commons.lang3.ArrayUtilsTest#testToPrimitive_byte_byte
* Started org.apache.commons.lang3.ArrayUtilsTest#testToPrimitive_short_short
* Finished org.apache.commons.lang3.ArrayUtilsTest#testToPrimitive_short_short
* Started org.apache.commons.lang3.ArrayUtilsTest#testLastIndexOfShortWithStartIndex
* Finished org.apache.commons.lang3.ArrayUtilsTest#testLastIndexOfShortWithStartIndex
* Started org.apache.commons.lang3.ArrayUtilsTest#testIndexOfDoubleWithStartIndex
* Finished org.apache.commons.lang3.ArrayUtilsTest#testIndexOfDoubleWithStartIndex
* Started org.apache.commons.lang3.ArrayUtilsTest#testSameType
* Finished org.apache.commons.lang3.ArrayUtilsTest#testSameType
* Started org.apache.commons.lang3.ArrayUtilsTest#testIndexOfBoolean
* Finished org.apache.commons.lang3.ArrayUtilsTest#testIndexOfBoolean
* Started org.apache.commons.lang3.ArrayUtilsTest#testReverseInt
* Finished org.apache.commons.lang3.ArrayUtilsTest#testReverseInt
* Started org.apache.commons.lang3.ArrayUtilsTest#testLastIndexOfDouble
* Finished org.apache.commons.lang3.ArrayUtilsTest#testLastIndexOfDouble
* Started org.apache.commons.lang3.ArrayUtilsTest#testIsEmptyPrimitives
* Finished org.apache.commons.lang3.ArrayUtilsTest#testIsEmptyPrimitives
* Started org.apache.commons.lang3.ArrayUtilsTest#testClone
* Finished org.apache.commons.lang3.ArrayUtilsTest#testClone
* Started org.apache.commons.lang3.ArrayUtilsTest#testSameLengthInt
* Finished org.apache.commons.lang3.ArrayUtilsTest#testSameLengthInt
* Started org.apache.commons.lang3.ArrayUtilsTest#testToMap
* Finished org.apache.commons.lang3.ArrayUtilsTest#testToMap
* Started org.apache.commons.lang3.ArrayUtilsTest#testLastIndexOf
* Finished org.apache.commons.lang3.ArrayUtilsTest#testLastIndexOf
* Started org.apache.commons.lang3.ArrayUtilsTest#testReverseDouble
* Finished org.apache.commons.lang3.ArrayUtilsTest#testReverseDouble
* Started org.apache.commons.lang3.ArrayUtilsTest#testContainsByte
* Finished org.apache.commons.lang3.ArrayUtilsTest#testContainsByte
* Started org.apache.commons.lang3.ArrayUtilsTest#testContainsChar
* Finished org.apache.commons.lang3.ArrayUtilsTest#testContainsChar
* Started org.apache.commons.lang3.ArrayUtilsTest#testContainsLong
* Finished org.apache.commons.lang3.ArrayUtilsTest#testContainsLong
* Started org.apache.commons.lang3.ArrayUtilsTest#testIndexOfLongWithStartIndex
* Finished org.apache.commons.lang3.ArrayUtilsTest#testIndexOfLongWithStartIndex
* Started org.apache.commons.lang3.ArrayUtilsTest#testToPrimitive_boolean
* Finished org.apache.commons.lang3.ArrayUtilsTest#testToPrimitive_boolean
* Started org.apache.commons.lang3.ArrayUtilsTest#testLastIndexOfByte
* Finished org.apache.commons.lang3.ArrayUtilsTest#testLastIndexOfByte
* Started org.apache.commons.lang3.ArrayUtilsTest#testLastIndexOfChar
* Finished org.apache.commons.lang3.ArrayUtilsTest#testLastIndexOfChar
* Started org.apache.commons.lang3.ArrayUtilsTest#testLastIndexOfLong
* Finished org.apache.commons.lang3.ArrayUtilsTest#testLastIndexOfLong
* Started org.apache.commons.lang3.ArrayUtilsTest#testToString
* Finished org.apache.commons.lang3.ArrayUtilsTest#testToString
* Started org.apache.commons.lang3.ArrayUtilsTest#testCloneDouble
* Finished org.apache.commons.lang3.ArrayUtilsTest#testCloneDouble
* Started org.apache.commons.lang3.ArrayUtilsTest#testIndexOfDoubleTolerance
* Finished org.apache.commons.lang3.ArrayUtilsTest#testIndexOfDoubleTolerance
* Started org.apache.commons.lang3.ArrayUtilsTest#testIndexOfByteWithStartIndex
* Finished org.apache.commons.lang3.ArrayUtilsTest#testIndexOfByteWithStartIndex
* Started org.apache.commons.lang3.ArrayUtilsTest#testToPrimitive_double
* Finished org.apache.commons.lang3.ArrayUtilsTest#testToPrimitive_double
* Started org.apache.commons.lang3.ArrayUtilsTest#testSubarrayFloat
* Finished org.apache.commons.lang3.ArrayUtilsTest#testSubarrayFloat
* Started org.apache.commons.lang3.ArrayUtilsTest#testSubarrayShort
* Finished org.apache.commons.lang3.ArrayUtilsTest#testSubarrayShort
* Started org.apache.commons.lang3.ArrayUtilsTest#testLastIndexOfBoolean
* Finished org.apache.commons.lang3.ArrayUtilsTest#testLastIndexOfBoolean
* Started org.apache.commons.lang3.ArrayUtilsTest#testSubarrayInt
* Finished org.apache.commons.lang3.ArrayUtilsTest#testSubarrayInt
* Started org.apache.commons.lang3.ArrayUtilsTest#testLastIndexOfIntWithStartIndex
* Finished org.apache.commons.lang3.ArrayUtilsTest#testLastIndexOfIntWithStartIndex
* Started org.apache.commons.lang3.ArrayUtilsTest#testIndexOfDoubleWithStartIndexTolerance
* Finished org.apache.commons.lang3.ArrayUtilsTest#testIndexOfDoubleWithStartIndexTolerance
* Started org.apache.commons.lang3.ArrayUtilsTest#testContainsInt
* Finished org.apache.commons.lang3.ArrayUtilsTest#testContainsInt
* Started org.apache.commons.lang3.ArrayUtilsTest#testLastIndexOfDoubleWithStartIndexTolerance
* Finished org.apache.commons.lang3.ArrayUtilsTest#testLastIndexOfDoubleWithStartIndexTolerance
* Started org.apache.commons.lang3.ArrayUtilsTest#testToObject_double
* Finished org.apache.commons.lang3.ArrayUtilsTest#testToObject_double
* Started org.apache.commons.lang3.ArrayUtilsTest#testLastIndexOfInt
* Finished org.apache.commons.lang3.ArrayUtilsTest#testLastIndexOfInt
* Started org.apache.commons.lang3.ArrayUtilsTest#testSubarrayByte
* Finished org.apache.commons.lang3.ArrayUtilsTest#testSubarrayByte
* Started org.apache.commons.lang3.ArrayUtilsTest#testSubarrayLong
* Finished org.apache.commons.lang3.ArrayUtilsTest#testSubarrayLong
* Started org.apache.commons.lang3.ArrayUtilsTest#testSubarrChar
* Finished org.apache.commons.lang3.ArrayUtilsTest#testSubarrChar
* Started org.apache.commons.lang3.ArrayUtilsTest#testToObject_byte
* Finished org.apache.commons.lang3.ArrayUtilsTest#testToObject_byte
* Started org.apache.commons.lang3.ArrayUtilsTest#testToObject_char
* Finished org.apache.commons.lang3.ArrayUtilsTest#testToObject_char
* Started org.apache.commons.lang3.ArrayUtilsTest#testToObject_long
* Finished org.apache.commons.lang3.ArrayUtilsTest#testToObject_long
* Started org.apache.commons.lang3.ArrayUtilsTest#testToPrimitive_float_float
* Finished org.apache.commons.lang3.ArrayUtilsTest#testToPrimitive_float_float
* Started org.apache.commons.lang3.ArrayUtilsTest#testLastIndexOfLongWithStartIndex
* Finished org.apache.commons.lang3.ArrayUtilsTest#testLastIndexOfLongWithStartIndex
* Started org.apache.commons.lang3.ArrayUtilsTest#testContainsFloat
* Finished org.apache.commons.lang3.ArrayUtilsTest#testContainsFloat
* Started org.apache.commons.lang3.ArrayUtilsTest#testContainsShort
* Finished org.apache.commons.lang3.ArrayUtilsTest#testContainsShort
* Started org.apache.commons.lang3.ArrayUtilsTest#testToObject_int
* Finished org.apache.commons.lang3.ArrayUtilsTest#testToObject_int
* Started org.apache.commons.lang3.ArrayUtilsTest#testContainsBoolean
* Finished org.apache.commons.lang3.ArrayUtilsTest#testContainsBoolean
* Started org.apache.commons.lang3.ArrayUtilsTest#testIndexOfInt
* Finished org.apache.commons.lang3.ArrayUtilsTest#testIndexOfInt
* Started org.apache.commons.lang3.ArrayUtilsTest#testIndexOfFloat
* Finished org.apache.commons.lang3.ArrayUtilsTest#testIndexOfFloat
* Started org.apache.commons.lang3.ArrayUtilsTest#testIndexOfFloatWithStartIndex
* Finished org.apache.commons.lang3.ArrayUtilsTest#testIndexOfFloatWithStartIndex
* Started org.apache.commons.lang3.ArrayUtilsTest#testCloneByte
* Finished org.apache.commons.lang3.ArrayUtilsTest#testCloneByte
* Started org.apache.commons.lang3.ArrayUtilsTest#testCloneChar
* Finished org.apache.commons.lang3.ArrayUtilsTest#testCloneChar
* Started org.apache.commons.lang3.ArrayUtilsTest#testCloneLong
* Finished org.apache.commons.lang3.ArrayUtilsTest#testCloneLong
* Started org.apache.commons.lang3.ArrayUtilsTest#testIndexOfShort
* Finished org.apache.commons.lang3.ArrayUtilsTest#testIndexOfShort
* Started org.apache.commons.lang3.ArrayUtilsTest#testIsEquals
* Finished org.apache.commons.lang3.ArrayUtilsTest#testIsEquals
* Started org.apache.commons.lang3.ArrayUtilsTest#testIndexOfCharWithStartIndex
* Finished org.apache.commons.lang3.ArrayUtilsTest#testIndexOfCharWithStartIndex
* Started org.apache.commons.lang3.ArrayUtilsTest#testLastIndexOfByteWithStartIndex
* Finished org.apache.commons.lang3.ArrayUtilsTest#testLastIndexOfByteWithStartIndex
* Started org.apache.commons.lang3.ArrayUtilsTest#testContains
* Finished org.apache.commons.lang3.ArrayUtilsTest#testContains
* Started org.apache.commons.lang3.ArrayUtilsTest#testToPrimitive_int
* Finished org.apache.commons.lang3.ArrayUtilsTest#testToPrimitive_int
* Started org.apache.commons.lang3.ArrayUtilsTest#testCloneBoolean
* Finished org.apache.commons.lang3.ArrayUtilsTest#testCloneBoolean
* Started org.apache.commons.lang3.ArrayUtilsTest#testToObject_boolean
* Finished org.apache.commons.lang3.ArrayUtilsTest#testToObject_boolean
* Started org.apache.commons.lang3.ArrayUtilsTest#testSameLengthDouble
* Finished org.apache.commons.lang3.ArrayUtilsTest#testSameLengthDouble
* Started org.apache.commons.lang3.ArrayUtilsTest#testToPrimitive_long_long
* Finished org.apache.commons.lang3.ArrayUtilsTest#testToPrimitive_long_long
* Started org.apache.commons.lang3.ArrayUtilsTest#testIndexOfBooleanWithStartIndex
* Finished org.apache.commons.lang3.ArrayUtilsTest#testIndexOfBooleanWithStartIndex
* Started org.apache.commons.lang3.ArrayUtilsTest#testIndexOfByte
* Finished org.apache.commons.lang3.ArrayUtilsTest#testIndexOfByte
* Started org.apache.commons.lang3.ArrayUtilsTest#testIndexOfChar
* Finished org.apache.commons.lang3.ArrayUtilsTest#testIndexOfChar
* Started org.apache.commons.lang3.ArrayUtilsTest#testIndexOfLong
* Finished org.apache.commons.lang3.ArrayUtilsTest#testIndexOfLong
* Started org.apache.commons.lang3.ArrayUtilsTest#testReverse
* Finished org.apache.commons.lang3.ArrayUtilsTest#testReverse
* Started org.apache.commons.lang3.ArrayUtilsTest#testLastIndexOfDoubleTolerance
* Finished org.apache.commons.lang3.ArrayUtilsTest#testLastIndexOfDoubleTolerance
* Started org.apache.commons.lang3.ArrayUtilsTest#testToPrimitive_intNull
* Finished org.apache.commons.lang3.ArrayUtilsTest#testToPrimitive_intNull
* Started org.apache.commons.lang3.ArrayUtilsTest#testToPrimitive_int_int
* Finished org.apache.commons.lang3.ArrayUtilsTest#testToPrimitive_int_int
* Started org.apache.commons.lang3.ArrayUtilsTest#testSubarrayDouble
* Finished org.apache.commons.lang3.ArrayUtilsTest#testSubarrayDouble
* Started org.apache.commons.lang3.ArrayUtilsTest#testReverseByte
* Finished org.apache.commons.lang3.ArrayUtilsTest#testReverseByte
* Started org.apache.commons.lang3.ArrayUtilsTest#testReverseChar
* Finished org.apache.commons.lang3.ArrayUtilsTest#testReverseChar
* Started org.apache.commons.lang3.ArrayUtilsTest#testReverseLong
* Finished org.apache.commons.lang3.ArrayUtilsTest#testReverseLong
* Started org.apache.commons.lang3.ArrayUtilsTest#testReverseFloat
* Finished org.apache.commons.lang3.ArrayUtilsTest#testReverseFloat
* Started org.apache.commons.lang3.ArrayUtilsTest#testLastIndexOfWithStartIndex
* Finished org.apache.commons.lang3.ArrayUtilsTest#testLastIndexOfWithStartIndex
* Started org.apache.commons.lang3.ArrayUtilsTest#testReverseShort
* Finished org.apache.commons.lang3.ArrayUtilsTest#testReverseShort
* Started org.apache.commons.lang3.ArrayUtilsTest#testIndexOfDouble
* Finished org.apache.commons.lang3.ArrayUtilsTest#testIndexOfDouble
* Started org.apache.commons.lang3.ArrayUtilsTest#testLastIndexOfBooleanWithStartIndex
* Finished org.apache.commons.lang3.ArrayUtilsTest#testLastIndexOfBooleanWithStartIndex
* Started org.apache.commons.lang3.ArrayUtilsTest#testLastIndexOfFloatWithStartIndex
* Finished org.apache.commons.lang3.ArrayUtilsTest#testLastIndexOfFloatWithStartIndex
* Started org.apache.commons.lang3.ArrayUtilsTest#testSameLengthFloat
* Finished org.apache.commons.lang3.ArrayUtilsTest#testSameLengthFloat
* Started org.apache.commons.lang3.ArrayUtilsTest#testSubarrayObject
* Finished org.apache.commons.lang3.ArrayUtilsTest#testSubarrayObject
* Started org.apache.commons.lang3.ArrayUtilsTest#testSameLengthShort
* Finished org.apache.commons.lang3.ArrayUtilsTest#testSameLengthShort
* Started org.apache.commons.lang3.ArrayUtilsTest#testLastIndexOfCharWithStartIndex
* Finished org.apache.commons.lang3.ArrayUtilsTest#testLastIndexOfCharWithStartIndex
* Started org.apache.commons.lang3.ArrayUtilsTest#testToObject_float
* Finished org.apache.commons.lang3.ArrayUtilsTest#testToObject_float
* Started org.apache.commons.lang3.ArrayUtilsTest#testToObject_short
* Finished org.apache.commons.lang3.ArrayUtilsTest#testToObject_short
* Started org.apache.commons.lang3.ArrayUtilsTest#testGetLength
* Finished org.apache.commons.lang3.ArrayUtilsTest#testGetLength
* Started org.apache.commons.lang3.ArrayUtilsTest#testLastIndexOfDoubleWithStartIndex
* Finished org.apache.commons.lang3.ArrayUtilsTest#testLastIndexOfDoubleWithStartIndex
* Started org.apache.commons.lang3.ArrayUtilsTest#testSameLengthByte
* Finished org.apache.commons.lang3.ArrayUtilsTest#testSameLengthByte
* Started org.apache.commons.lang3.ArrayUtilsTest#testSameLengthChar
* Finished org.apache.commons.lang3.ArrayUtilsTest#testSameLengthChar
* Started org.apache.commons.lang3.ArrayUtilsTest#testSameLengthLong
* Finished org.apache.commons.lang3.ArrayUtilsTest#testSameLengthLong
* Started org.apache.commons.lang3.ArrayUtilsTest#testLastIndexOfFloat
* Finished org.apache.commons.lang3.ArrayUtilsTest#testLastIndexOfFloat
* Started org.apache.commons.lang3.ArrayUtilsTest#testLastIndexOfShort
* Finished org.apache.commons.lang3.ArrayUtilsTest#testLastIndexOfShort
* Started org.apache.commons.lang3.ArrayUtilsTest#testCloneFloat
* Finished org.apache.commons.lang3.ArrayUtilsTest#testCloneFloat
* Started org.apache.commons.lang3.ArrayUtilsTest#testCloneShort
* Finished org.apache.commons.lang3.ArrayUtilsTest#testCloneShort
* Started org.apache.commons.lang3.ArrayUtilsTest#testToPrimitive_byte
* Finished org.apache.commons.lang3.ArrayUtilsTest#testToPrimitive_byte
* Started org.apache.commons.lang3.ArrayUtilsTest#testToPrimitive_char
* Finished org.apache.commons.lang3.ArrayUtilsTest#testToPrimitive_char
* Started org.apache.commons.lang3.ArrayUtilsTest#testToPrimitive_long
* Finished org.apache.commons.lang3.ArrayUtilsTest#testToPrimitive_long
* Started org.apache.commons.lang3.ArrayUtilsTest#testIsEmptyObject
* Finished org.apache.commons.lang3.ArrayUtilsTest#testIsEmptyObject
* Started org.apache.commons.lang3.ArrayUtilsTest#testIndexOf
* Finished org.apache.commons.lang3.ArrayUtilsTest#testIndexOf
* Started org.apache.commons.lang3.ArrayUtilsTest#testIndexOfShortWithStartIndex
* Finished org.apache.commons.lang3.ArrayUtilsTest#testIndexOfShortWithStartIndex
* Started org.apache.commons.lang3.ArrayUtilsTest#testSameLength
* Finished org.apache.commons.lang3.ArrayUtilsTest#testSameLength
* Started org.apache.commons.lang3.ArrayUtilsTest#testIndexOfIntWithStartIndex
* Finished org.apache.commons.lang3.ArrayUtilsTest#testIndexOfIntWithStartIndex
* Started org.apache.commons.lang3.ArrayUtilsTest#testCloneInt
* Finished org.apache.commons.lang3.ArrayUtilsTest#testCloneInt
* Started org.apache.commons.lang3.ArrayUtilsTest#testSameLengthBoolean
* Finished org.apache.commons.lang3.ArrayUtilsTest#testSameLengthBoolean
* Started org.apache.commons.lang3.ArrayUtilsTest#testToPrimitive_char_char
* Finished org.apache.commons.lang3.ArrayUtilsTest#testToPrimitive_char_char
* Started org.apache.commons.lang3.ArrayUtilsTest#testReverseBoolean
* Finished org.apache.commons.lang3.ArrayUtilsTest#testReverseBoolean
* Started org.apache.commons.lang3.ArrayUtilsTest#testToPrimitive_boolean_boolean
* Finished org.apache.commons.lang3.ArrayUtilsTest#testToPrimitive_boolean_boolean
* Started org.apache.commons.lang3.ArrayUtilsTest#testConstructor
* Finished org.apache.commons.lang3.ArrayUtilsTest#testConstructor
* Started org.apache.commons.lang3.ArrayUtilsTest#testIndexOfWithStartIndex
* Finished org.apache.commons.lang3.ArrayUtilsTest#testIndexOfWithStartIndex
* Started org.apache.commons.lang3.ArrayUtilsTest#testContainsDouble
* Finished org.apache.commons.lang3.ArrayUtilsTest#testContainsDouble
* Filtering test cases that do not cover any component
* Sending data to master
* Closing connection with client
* Performing fault localization
* Running Ochiai
* Writing coverage matrix to '/Users/jithinjohn/Downloads/CSC591/fault-localization-data/gzoltar/gzoltars/Lang/37/matrix'
* Writing spectra to '/Users/jithinjohn/Downloads/CSC591/fault-localization-data/gzoltar/gzoltars/Lang/37/spectra'
* Metrics
* Computation finished
[INFO] End: Wed Oct 31 17:59:26 PDT 2018
[DEBUG] MATRIX OK
[DEBUG] SPECTRA OK

DONE!
